2009-08-12 10:43:34,796 INFO  [de.novabit.nucleus.client.main.StartUp] Client-Logging initialisiert.
2009-08-12 10:43:34,796 INFO  [de.novabit.nucleus.client.main.StartUp] Java-Version 1.6.0_10-rc2
2009-08-12 10:49:38,218 WARN  [de.novabit.nucleus.client.common.DetailsSubFormController] Custom column widths should be used here.
2009-08-12 10:49:38,218 WARN  [de.novabit.nucleus.client.common.DetailsSubFormController] Custom column widths should be used here.
2009-08-12 10:49:38,218 WARN  [de.novabit.nucleus.client.common.DetailsSubFormController] Custom column widths should be used here.
2009-08-12 10:49:38,218 WARN  [de.novabit.nucleus.client.common.DetailsSubFormController] Custom column widths should be used here.
2009-08-12 10:50:09,875 WARN  [de.novabit.nucleus.client.common.DetailsSubFormController] Custom column widths should be used here.
2009-08-12 10:50:09,875 WARN  [de.novabit.nucleus.client.common.DetailsSubFormController] Custom column widths should be used here.
2009-08-12 10:50:09,875 WARN  [de.novabit.nucleus.client.common.DetailsSubFormController] Custom column widths should be used here.
2009-08-12 10:50:09,875 WARN  [de.novabit.nucleus.client.common.DetailsSubFormController] Custom column widths should be used here.
2009-08-12 10:50:09,906 WARN  [de.novabit.nucleus.client.common.DetailsSubFormController] Custom column widths should be used here.
2009-08-12 10:50:09,906 WARN  [de.novabit.nucleus.client.common.DetailsSubFormController] Custom column widths should be used here.
2009-08-12 10:50:26,609 INFO  [de.novabit.nucleus.client.main.StartUp] Client-Logging initialisiert.
2009-08-12 10:50:26,609 INFO  [de.novabit.nucleus.client.main.StartUp] Java-Version 1.6.0_10-rc2
2009-08-12 10:50:31,687 ERROR [de.novabit.common.ui.Errors] Runtime exception occured: 
javax.security.auth.login.LoginException: Sie haben kein Recht, Nucleus zu starten.
Bitte wenden Sie sich an den zuständigen Administrator, um die Berechtigung zu erhalten.
	at de.novabit.nucleus.common.security.NucleusClientLoginModule.loginOnServer(NucleusClientLoginModule.java:62)
	at de.novabit.common.security.JBossClientLoginModule.login(JBossClientLoginModule.java:144)
	at sun.reflect.NativeMethodAccessorImpl.invoke0(Native Method)
	at sun.reflect.NativeMethodAccessorImpl.invoke(NativeMethodAccessorImpl.java:39)
	at sun.reflect.DelegatingMethodAccessorImpl.invoke(DelegatingMethodAccessorImpl.java:25)
	at java.lang.reflect.Method.invoke(Method.java:597)
	at javax.security.auth.login.LoginContext.invoke(LoginContext.java:769)
	at javax.security.auth.login.LoginContext.access$000(LoginContext.java:186)
	at javax.security.auth.login.LoginContext$4.run(LoginContext.java:683)
	at java.security.AccessController.doPrivileged(Native Method)
	at javax.security.auth.login.LoginContext.invokePriv(LoginContext.java:680)
	at javax.security.auth.login.LoginContext.login(LoginContext.java:579)
	at de.novabit.common.security.JBossServerSession.<init>(JBossServerSession.java:42)
	at de.novabit.nucleus.common.security.NucleusServerSession.<init>(NucleusServerSession.java:24)
	at de.novabit.nucleus.client.login.LoginController.performLogin(LoginController.java:376)
	at de.novabit.nucleus.client.login.LoginController.cmdPerformLogin(LoginController.java:287)
	at de.novabit.nucleus.client.login.LoginController.access$1(LoginController.java:262)
	at de.novabit.nucleus.client.login.LoginController$2.propertyChange(LoginController.java:172)
	at java.beans.PropertyChangeSupport.firePropertyChange(PropertyChangeSupport.java:339)
	at java.beans.PropertyChangeSupport.firePropertyChange(PropertyChangeSupport.java:347)
	at java.beans.PropertyChangeSupport.firePropertyChange(PropertyChangeSupport.java:276)
	at java.awt.Component.firePropertyChange(Component.java:7961)
	at javax.swing.JOptionPane.setValue(JOptionPane.java:1945)
	at javax.swing.plaf.basic.BasicOptionPaneUI$ButtonActionListener.actionPerformed(BasicOptionPaneUI.java:1184)
	at javax.swing.AbstractButton.fireActionPerformed(AbstractButton.java:1995)
	at javax.swing.AbstractButton$Handler.actionPerformed(AbstractButton.java:2318)
	at javax.swing.DefaultButtonModel.fireActionPerformed(DefaultButtonModel.java:387)
	at javax.swing.DefaultButtonModel.setPressed(DefaultButtonModel.java:242)
	at javax.swing.AbstractButton.doClick(AbstractButton.java:357)
	at javax.swing.plaf.basic.BasicRootPaneUI$Actions.actionPerformed(BasicRootPaneUI.java:191)
	at javax.swing.SwingUtilities.notifyAction(SwingUtilities.java:1636)
	at javax.swing.JComponent.processKeyBinding(JComponent.java:2849)
	at javax.swing.KeyboardManager.fireBinding(KeyboardManager.java:267)
	at javax.swing.KeyboardManager.fireKeyboardAction(KeyboardManager.java:216)
	at javax.swing.JComponent.processKeyBindingsForAllComponents(JComponent.java:2926)
	at javax.swing.JComponent.processKeyBindings(JComponent.java:2918)
	at javax.swing.JComponent.processKeyEvent(JComponent.java:2812)
	at java.awt.Component.processEvent(Component.java:5911)
	at java.awt.Container.processEvent(Container.java:2023)
	at java.awt.Component.dispatchEventImpl(Component.java:4501)
	at java.awt.Container.dispatchEventImpl(Container.java:2081)
	at java.awt.Component.dispatchEvent(Component.java:4331)
	at java.awt.KeyboardFocusManager.redispatchEvent(KeyboardFocusManager.java:1848)
	at java.awt.DefaultKeyboardFocusManager.dispatchKeyEvent(DefaultKeyboardFocusManager.java:704)
	at java.awt.DefaultKeyboardFocusManager.preDispatchKeyEvent(DefaultKeyboardFocusManager.java:969)
	at java.awt.DefaultKeyboardFocusManager.typeAheadAssertions(DefaultKeyboardFocusManager.java:841)
	at java.awt.DefaultKeyboardFocusManager.dispatchEvent(DefaultKeyboardFocusManager.java:668)
	at java.awt.Component.dispatchEventImpl(Component.java:4373)
	at java.awt.Container.dispatchEventImpl(Container.java:2081)
	at java.awt.Window.dispatchEventImpl(Window.java:2458)
	at java.awt.Component.dispatchEvent(Component.java:4331)
	at java.awt.EventQueue.dispatchEvent(EventQueue.java:599)
	at java.awt.EventDispatchThread.pumpOneEventForFilters(EventDispatchThread.java:269)
	at java.awt.EventDispatchThread.pumpEventsForFilter(EventDispatchThread.java:184)
	at java.awt.EventDispatchThread.pumpEventsForHierarchy(EventDispatchThread.java:174)
	at java.awt.EventDispatchThread.pumpEvents(EventDispatchThread.java:169)
	at java.awt.EventDispatchThread.pumpEvents(EventDispatchThread.java:161)
	at java.awt.EventDispatchThread.run(EventDispatchThread.java:122)
2009-08-12 10:50:40,062 WARN  [de.novabit.common.ServiceLocator] Discarding ServiceLocator/InitialContext.
2009-08-12 10:50:45,281 WARN  [de.novabit.nucleus.client.common.DetailsSubFormController] Custom column widths should be used here.
2009-08-12 10:50:45,281 WARN  [de.novabit.nucleus.client.common.DetailsSubFormController] Custom column widths should be used here.
2009-08-12 10:50:45,281 WARN  [de.novabit.nucleus.client.common.DetailsSubFormController] Custom column widths should be used here.
2009-08-12 10:50:45,281 WARN  [de.novabit.nucleus.client.common.DetailsSubFormController] Custom column widths should be used here.
2009-08-12 10:50:45,343 WARN  [de.novabit.nucleus.client.common.DetailsSubFormController] Custom column widths should be used here.
2009-08-12 10:50:45,343 WARN  [de.novabit.nucleus.client.common.DetailsSubFormController] Custom column widths should be used here.
2009-08-12 10:50:50,718 WARN  [de.novabit.nucleus.client.common.DetailsSubFormController] Custom column widths should be used here.
2009-08-12 10:50:53,515 WARN  [de.novabit.nucleus.client.common.DetailsSubFormController] Custom column widths should be used here.
2009-08-12 10:50:53,515 WARN  [de.novabit.nucleus.client.common.DetailsSubFormController] Custom column widths should be used here.
2009-08-12 10:50:53,515 WARN  [de.novabit.nucleus.client.common.DetailsSubFormController] Custom column widths should be used here.
2009-08-12 10:50:53,515 WARN  [de.novabit.nucleus.client.common.DetailsSubFormController] Custom column widths should be used here.
2009-08-12 10:50:53,562 WARN  [de.novabit.nucleus.client.common.DetailsSubFormController] Custom column widths should be used here.
2009-08-12 10:50:53,562 WARN  [de.novabit.nucleus.client.common.DetailsSubFormController] Custom column widths should be used here.
2009-08-12 10:52:24,015 INFO  [de.novabit.nucleus.client.main.StartUp] Client-Logging initialisiert.
2009-08-12 10:52:24,015 INFO  [de.novabit.nucleus.client.main.StartUp] Java-Version 1.6.0_10-rc2
2009-08-12 10:53:17,765 INFO  [de.novabit.nucleus.client.main.StartUp] Client-Logging initialisiert.
2009-08-12 10:53:17,765 INFO  [de.novabit.nucleus.client.main.StartUp] Java-Version 1.6.0_10-rc2
2009-08-12 10:54:39,625 INFO  [de.novabit.nucleus.client.main.StartUp] Client-Logging initialisiert.
2009-08-12 10:54:39,625 INFO  [de.novabit.nucleus.client.main.StartUp] Java-Version 1.6.0_10-rc2
2009-08-12 10:55:11,859 INFO  [de.novabit.nucleus.client.main.StartUp] Client-Logging initialisiert.
2009-08-12 10:55:11,859 INFO  [de.novabit.nucleus.client.main.StartUp] Java-Version 1.6.0_10-rc2
2009-08-12 10:55:46,406 INFO  [de.novabit.nucleus.client.main.StartUp] Client-Logging initialisiert.
2009-08-12 10:55:46,406 INFO  [de.novabit.nucleus.client.main.StartUp] Java-Version 1.6.0_10-rc2
2009-08-12 10:56:52,578 WARN  [de.novabit.nucleus.client.common.DetailsSubFormController] Custom column widths should be used here.
2009-08-12 10:56:52,593 WARN  [de.novabit.nucleus.client.common.DetailsSubFormController] Custom column widths should be used here.
2009-08-12 10:56:52,593 WARN  [de.novabit.nucleus.client.common.DetailsSubFormController] Custom column widths should be used here.
2009-08-12 10:56:52,593 WARN  [de.novabit.nucleus.client.common.DetailsSubFormController] Custom column widths should be used here.
2009-08-12 10:57:08,078 WARN  [de.novabit.nucleus.client.common.DetailsSubFormController] Custom column widths should be used here.
2009-08-12 10:57:18,484 WARN  [de.novabit.nucleus.client.common.DetailsSubFormController] Custom column widths should be used here.
2009-08-12 10:57:18,484 WARN  [de.novabit.nucleus.client.common.DetailsSubFormController] Custom column widths should be used here.
2009-08-12 10:57:18,484 WARN  [de.novabit.nucleus.client.common.DetailsSubFormController] Custom column widths should be used here.
2009-08-12 10:57:18,484 WARN  [de.novabit.nucleus.client.common.DetailsSubFormController] Custom column widths should be used here.
2009-08-12 10:57:18,531 WARN  [de.novabit.nucleus.client.common.DetailsSubFormController] Custom column widths should be used here.
2009-08-12 10:57:18,531 WARN  [de.novabit.nucleus.client.common.DetailsSubFormController] Custom column widths should be used here.
2009-08-12 10:57:39,984 INFO  [de.novabit.nucleus.client.main.StartUp] Client-Logging initialisiert.
2009-08-12 10:57:39,984 INFO  [de.novabit.nucleus.client.main.StartUp] Java-Version 1.6.0_10-rc2
2009-08-12 10:57:47,328 WARN  [de.novabit.nucleus.client.common.DetailsSubFormController] Custom column widths should be used here.
2009-08-12 10:57:47,328 WARN  [de.novabit.nucleus.client.common.DetailsSubFormController] Custom column widths should be used here.
2009-08-12 10:57:47,328 WARN  [de.novabit.nucleus.client.common.DetailsSubFormController] Custom column widths should be used here.
2009-08-12 10:57:47,328 WARN  [de.novabit.nucleus.client.common.DetailsSubFormController] Custom column widths should be used here.
2009-08-12 10:57:47,359 WARN  [de.novabit.nucleus.client.common.DetailsSubFormController] Custom column widths should be used here.
2009-08-12 10:57:47,359 WARN  [de.novabit.nucleus.client.common.DetailsSubFormController] Custom column widths should be used here.
2009-08-12 10:58:12,000 INFO  [de.novabit.nucleus.client.main.StartUp] Client-Logging initialisiert.
2009-08-12 10:58:12,000 INFO  [de.novabit.nucleus.client.main.StartUp] Java-Version 1.6.0_10-rc2
2009-08-12 10:58:58,984 INFO  [de.novabit.nucleus.client.main.StartUp] Client-Logging initialisiert.
2009-08-12 10:58:58,984 INFO  [de.novabit.nucleus.client.main.StartUp] Java-Version 1.6.0_10-rc2
2009-08-12 11:03:35,140 INFO  [de.novabit.nucleus.client.main.StartUp] Client-Logging initialisiert.
2009-08-12 11:03:35,140 INFO  [de.novabit.nucleus.client.main.StartUp] Java-Version 1.6.0_10-rc2
2009-08-12 11:03:57,546 WARN  [de.novabit.nucleus.client.common.DetailsSubFormController] Custom column widths should be used here.
2009-08-12 11:03:57,546 WARN  [de.novabit.nucleus.client.common.DetailsSubFormController] Custom column widths should be used here.
2009-08-12 11:03:57,546 WARN  [de.novabit.nucleus.client.common.DetailsSubFormController] Custom column widths should be used here.
2009-08-12 11:03:57,546 WARN  [de.novabit.nucleus.client.common.DetailsSubFormController] Custom column widths should be used here.
2009-08-12 11:03:57,578 WARN  [de.novabit.nucleus.client.common.DetailsSubFormController] Custom column widths should be used here.
2009-08-12 11:03:57,578 WARN  [de.novabit.nucleus.client.common.DetailsSubFormController] Custom column widths should be used here.
2009-08-12 11:04:14,125 WARN  [de.novabit.nucleus.client.common.DetailsSubFormController] Custom column widths should be used here.
2009-08-12 11:04:14,125 WARN  [de.novabit.nucleus.client.common.DetailsSubFormController] Custom column widths should be used here.
2009-08-12 11:04:14,125 WARN  [de.novabit.nucleus.client.common.DetailsSubFormController] Custom column widths should be used here.
2009-08-12 11:04:14,125 WARN  [de.novabit.nucleus.client.common.DetailsSubFormController] Custom column widths should be used here.
2009-08-12 11:04:14,125 WARN  [de.novabit.nucleus.client.common.DetailsSubFormController] Custom column widths should be used here.
2009-08-12 11:04:14,125 WARN  [de.novabit.nucleus.client.common.DetailsSubFormController] Custom column widths should be used here.
2009-08-12 11:04:14,125 WARN  [de.novabit.nucleus.client.common.DetailsSubFormController] Custom column widths should be used here.
2009-08-12 11:04:14,125 WARN  [de.novabit.nucleus.client.common.DetailsSubFormController] Custom column widths should be used here.
2009-08-12 11:04:14,125 WARN  [de.novabit.nucleus.client.common.DetailsSubFormController] Custom column widths should be used here.
2009-08-12 11:04:14,125 WARN  [de.novabit.nucleus.client.common.DetailsSubFormController] Custom column widths should be used here.
2009-08-12 11:04:14,125 WARN  [de.novabit.nucleus.client.common.DetailsSubFormController] Custom column widths should be used here.
2009-08-12 11:04:14,125 WARN  [de.novabit.nucleus.client.common.DetailsSubFormController] Custom column widths should be used here.
2009-08-12 11:04:14,125 WARN  [de.novabit.nucleus.client.common.DetailsSubFormController] Custom column widths should be used here.
2009-08-12 11:04:14,125 WARN  [de.novabit.nucleus.client.common.DetailsSubFormController] Custom column widths should be used here.
2009-08-12 11:04:14,125 WARN  [de.novabit.nucleus.client.common.DetailsSubFormController] Custom column widths should be used here.
2009-08-12 11:04:14,125 WARN  [de.novabit.nucleus.client.common.DetailsSubFormController] Custom column widths should be used here.
2009-08-12 11:04:14,140 WARN  [de.novabit.nucleus.client.common.DetailsSubFormController] Custom column widths should be used here.
2009-08-12 11:04:14,140 WARN  [de.novabit.nucleus.client.common.DetailsSubFormController] Custom column widths should be used here.
2009-08-12 11:04:14,140 WARN  [de.novabit.nucleus.client.common.DetailsSubFormController] Custom column widths should be used here.
2009-08-12 11:04:14,140 WARN  [de.novabit.nucleus.client.common.DetailsSubFormController] Custom column widths should be used here.
2009-08-12 11:04:14,140 WARN  [de.novabit.nucleus.client.common.DetailsSubFormController] Custom column widths should be used here.
2009-08-12 11:04:14,140 WARN  [de.novabit.nucleus.client.common.DetailsSubFormController] Custom column widths should be used here.
2009-08-12 11:04:14,140 WARN  [de.novabit.nucleus.client.common.DetailsSubFormController] Custom column widths should be used here.
2009-08-12 11:04:14,140 WARN  [de.novabit.nucleus.client.common.DetailsSubFormController] Custom column widths should be used here.
2009-08-12 11:04:14,234 WARN  [de.novabit.nucleus.client.common.DetailsSubFormController] Custom column widths should be used here.
2009-08-12 11:04:14,234 WARN  [de.novabit.nucleus.client.common.DetailsSubFormController] Custom column widths should be used here.
2009-08-12 11:04:14,281 WARN  [de.novabit.nucleus.client.common.DetailsSubFormController] Custom column widths should be used here.
2009-08-12 11:04:14,281 WARN  [de.novabit.nucleus.client.common.DetailsSubFormController] Custom column widths should be used here.
2009-08-12 11:04:14,312 WARN  [de.novabit.nucleus.client.common.DetailsSubFormController] Custom column widths should be used here.
2009-08-12 11:04:14,312 WARN  [de.novabit.nucleus.client.common.DetailsSubFormController] Custom column widths should be used here.
2009-08-12 11:04:31,265 WARN  [de.novabit.nucleus.client.common.DetailsSubFormController] Custom column widths should be used here.
2009-08-12 11:04:31,265 WARN  [de.novabit.nucleus.client.common.DetailsSubFormController] Custom column widths should be used here.
2009-08-12 11:04:31,265 WARN  [de.novabit.nucleus.client.common.DetailsSubFormController] Custom column widths should be used here.
2009-08-12 11:04:31,265 WARN  [de.novabit.nucleus.client.common.DetailsSubFormController] Custom column widths should be used here.
2009-08-12 11:04:31,265 WARN  [de.novabit.nucleus.client.common.DetailsSubFormController] Custom column widths should be used here.
2009-08-12 11:04:31,265 WARN  [de.novabit.nucleus.client.common.DetailsSubFormController] Custom column widths should be used here.
2009-08-12 11:04:31,265 WARN  [de.novabit.nucleus.client.common.DetailsSubFormController] Custom column widths should be used here.
2009-08-12 11:04:31,265 WARN  [de.novabit.nucleus.client.common.DetailsSubFormController] Custom column widths should be used here.
2009-08-12 11:04:31,265 WARN  [de.novabit.nucleus.client.common.DetailsSubFormController] Custom column widths should be used here.
2009-08-12 11:04:31,281 WARN  [de.novabit.nucleus.client.common.DetailsSubFormController] Custom column widths should be used here.
2009-08-12 11:04:31,281 WARN  [de.novabit.nucleus.client.common.DetailsSubFormController] Custom column widths should be used here.
2009-08-12 11:04:31,281 WARN  [de.novabit.nucleus.client.common.DetailsSubFormController] Custom column widths should be used here.
2009-08-12 11:04:31,312 WARN  [de.novabit.nucleus.client.common.DetailsSubFormController] Custom column widths should be used here.
2009-08-12 11:04:31,312 WARN  [de.novabit.nucleus.client.common.DetailsSubFormController] Custom column widths should be used here.
2009-08-12 11:04:31,312 WARN  [de.novabit.nucleus.client.common.DetailsSubFormController] Custom column widths should be used here.
2009-08-12 11:04:31,312 WARN  [de.novabit.nucleus.client.common.DetailsSubFormController] Custom column widths should be used here.
2009-08-12 11:04:31,328 WARN  [de.novabit.nucleus.client.common.DetailsSubFormController] Custom column widths should be used here.
2009-08-12 11:04:31,328 WARN  [de.novabit.nucleus.client.common.DetailsSubFormController] Custom column widths should be used here.
2009-08-12 11:17:40,734 WARN  [de.novabit.nucleus.client.common.DetailsSubFormController] Custom column widths should be used here.
2009-08-12 11:17:40,734 WARN  [de.novabit.nucleus.client.common.DetailsSubFormController] Custom column widths should be used here.
2009-08-12 11:17:40,734 WARN  [de.novabit.nucleus.client.common.DetailsSubFormController] Custom column widths should be used here.
2009-08-12 11:17:40,734 WARN  [de.novabit.nucleus.client.common.DetailsSubFormController] Custom column widths should be used here.
2009-08-12 11:17:40,734 WARN  [de.novabit.nucleus.client.common.DetailsSubFormController] Custom column widths should be used here.
2009-08-12 11:17:40,734 WARN  [de.novabit.nucleus.client.common.DetailsSubFormController] Custom column widths should be used here.
2009-08-12 11:17:40,734 WARN  [de.novabit.nucleus.client.common.DetailsSubFormController] Custom column widths should be used here.
2009-08-12 11:17:40,734 WARN  [de.novabit.nucleus.client.common.DetailsSubFormController] Custom column widths should be used here.
2009-08-12 11:17:40,734 WARN  [de.novabit.nucleus.client.common.DetailsSubFormController] Custom column widths should be used here.
2009-08-12 11:17:40,734 WARN  [de.novabit.nucleus.client.common.DetailsSubFormController] Custom column widths should be used here.
2009-08-12 11:17:40,734 WARN  [de.novabit.nucleus.client.common.DetailsSubFormController] Custom column widths should be used here.
2009-08-12 11:17:40,734 WARN  [de.novabit.nucleus.client.common.DetailsSubFormController] Custom column widths should be used here.
2009-08-12 11:17:40,843 WARN  [de.novabit.nucleus.client.common.DetailsSubFormController] Custom column widths should be used here.
2009-08-12 11:17:40,859 WARN  [de.novabit.nucleus.client.common.DetailsSubFormController] Custom column widths should be used here.
2009-08-12 11:17:40,937 WARN  [de.novabit.nucleus.client.common.DetailsSubFormController] Custom column widths should be used here.
2009-08-12 11:17:40,937 WARN  [de.novabit.nucleus.client.common.DetailsSubFormController] Custom column widths should be used here.
2009-08-12 11:17:59,437 INFO  [de.novabit.nucleus.client.main.StartUp] Client-Logging initialisiert.
2009-08-12 11:17:59,437 INFO  [de.novabit.nucleus.client.main.StartUp] Java-Version 1.6.0_10-rc2
2009-08-12 11:18:39,718 INFO  [de.novabit.nucleus.client.main.StartUp] Client-Logging initialisiert.
2009-08-12 11:18:39,718 INFO  [de.novabit.nucleus.client.main.StartUp] Java-Version 1.6.0_10-rc2
2009-08-12 11:18:51,500 WARN  [de.novabit.nucleus.client.common.DetailsSubFormController] Custom column widths should be used here.
2009-08-12 11:18:51,500 WARN  [de.novabit.nucleus.client.common.DetailsSubFormController] Custom column widths should be used here.
2009-08-12 11:18:51,500 WARN  [de.novabit.nucleus.client.common.DetailsSubFormController] Custom column widths should be used here.
2009-08-12 11:18:51,500 WARN  [de.novabit.nucleus.client.common.DetailsSubFormController] Custom column widths should be used here.
2009-08-12 11:18:51,500 WARN  [de.novabit.nucleus.client.common.DetailsSubFormController] Custom column widths should be used here.
2009-08-12 11:18:51,500 WARN  [de.novabit.nucleus.client.common.DetailsSubFormController] Custom column widths should be used here.
2009-08-12 11:18:51,500 WARN  [de.novabit.nucleus.client.common.DetailsSubFormController] Custom column widths should be used here.
2009-08-12 11:18:51,500 WARN  [de.novabit.nucleus.client.common.DetailsSubFormController] Custom column widths should be used here.
2009-08-12 11:18:51,546 WARN  [de.novabit.nucleus.client.common.DetailsSubFormController] Custom column widths should be used here.
2009-08-12 11:18:51,546 WARN  [de.novabit.nucleus.client.common.DetailsSubFormController] Custom column widths should be used here.
2009-08-12 11:18:51,562 WARN  [de.novabit.nucleus.client.common.DetailsSubFormController] Custom column widths should be used here.
2009-08-12 11:18:51,562 WARN  [de.novabit.nucleus.client.common.DetailsSubFormController] Custom column widths should be used here.
2009-08-12 11:18:56,890 WARN  [de.novabit.nucleus.client.common.DetailsSubFormController] Custom column widths should be used here.
2009-08-12 11:18:56,890 WARN  [de.novabit.nucleus.client.common.DetailsSubFormController] Custom column widths should be used here.
2009-08-12 11:18:56,890 WARN  [de.novabit.nucleus.client.common.DetailsSubFormController] Custom column widths should be used here.
2009-08-12 11:18:56,890 WARN  [de.novabit.nucleus.client.common.DetailsSubFormController] Custom column widths should be used here.
2009-08-12 11:18:56,890 WARN  [de.novabit.nucleus.client.common.DetailsSubFormController] Custom column widths should be used here.
2009-08-12 11:18:56,890 WARN  [de.novabit.nucleus.client.common.DetailsSubFormController] Custom column widths should be used here.
2009-08-12 11:18:56,890 WARN  [de.novabit.nucleus.client.common.DetailsSubFormController] Custom column widths should be used here.
2009-08-12 11:18:56,906 WARN  [de.novabit.nucleus.client.common.DetailsSubFormController] Custom column widths should be used here.
2009-08-12 11:18:56,984 WARN  [de.novabit.nucleus.client.common.DetailsSubFormController] Custom column widths should be used here.
2009-08-12 11:18:56,984 WARN  [de.novabit.nucleus.client.common.DetailsSubFormController] Custom column widths should be used here.
2009-08-12 11:18:57,046 WARN  [de.novabit.nucleus.client.common.DetailsSubFormController] Custom column widths should be used here.
2009-08-12 11:18:57,046 WARN  [de.novabit.nucleus.client.common.DetailsSubFormController] Custom column widths should be used here.
2009-08-12 11:19:13,640 WARN  [de.novabit.nucleus.client.common.DetailsSubFormController] Custom column widths should be used here.
2009-08-12 11:19:13,640 WARN  [de.novabit.nucleus.client.common.DetailsSubFormController] Custom column widths should be used here.
2009-08-12 11:19:13,640 WARN  [de.novabit.nucleus.client.common.DetailsSubFormController] Custom column widths should be used here.
2009-08-12 11:19:13,640 WARN  [de.novabit.nucleus.client.common.DetailsSubFormController] Custom column widths should be used here.
2009-08-12 11:19:13,640 WARN  [de.novabit.nucleus.client.common.DetailsSubFormController] Custom column widths should be used here.
2009-08-12 11:19:13,640 WARN  [de.novabit.nucleus.client.common.DetailsSubFormController] Custom column widths should be used here.
2009-08-12 11:19:13,640 WARN  [de.novabit.nucleus.client.common.DetailsSubFormController] Custom column widths should be used here.
2009-08-12 11:19:13,640 WARN  [de.novabit.nucleus.client.common.DetailsSubFormController] Custom column widths should be used here.
2009-08-12 11:19:13,765 WARN  [de.novabit.nucleus.client.common.DetailsSubFormController] Custom column widths should be used here.
2009-08-12 11:19:13,765 WARN  [de.novabit.nucleus.client.common.DetailsSubFormController] Custom column widths should be used here.
2009-08-12 11:19:13,765 WARN  [de.novabit.nucleus.client.common.DetailsSubFormController] Custom column widths should be used here.
2009-08-12 11:19:13,765 WARN  [de.novabit.nucleus.client.common.DetailsSubFormController] Custom column widths should be used here.
2009-08-12 11:19:27,890 WARN  [de.novabit.nucleus.client.common.DetailsSubFormController] Custom column widths should be used here.
2009-08-12 11:19:27,890 WARN  [de.novabit.nucleus.client.common.DetailsSubFormController] Custom column widths should be used here.
2009-08-12 11:19:27,890 WARN  [de.novabit.nucleus.client.common.DetailsSubFormController] Custom column widths should be used here.
2009-08-12 11:19:27,890 WARN  [de.novabit.nucleus.client.common.DetailsSubFormController] Custom column widths should be used here.
2009-08-12 11:19:27,890 WARN  [de.novabit.nucleus.client.common.DetailsSubFormController] Custom column widths should be used here.
2009-08-12 11:19:27,890 WARN  [de.novabit.nucleus.client.common.DetailsSubFormController] Custom column widths should be used here.
2009-08-12 11:19:27,890 WARN  [de.novabit.nucleus.client.common.DetailsSubFormController] Custom column widths should be used here.
2009-08-12 11:19:27,890 WARN  [de.novabit.nucleus.client.common.DetailsSubFormController] Custom column widths should be used here.
2009-08-12 11:19:27,921 WARN  [de.novabit.nucleus.client.common.DetailsSubFormController] Custom column widths should be used here.
2009-08-12 11:19:27,937 WARN  [de.novabit.nucleus.client.common.DetailsSubFormController] Custom column widths should be used here.
2009-08-12 11:19:27,937 WARN  [de.novabit.nucleus.client.common.DetailsSubFormController] Custom column widths should be used here.
2009-08-12 11:19:27,937 WARN  [de.novabit.nucleus.client.common.DetailsSubFormController] Custom column widths should be used here.
2009-08-12 11:19:38,750 INFO  [de.novabit.nucleus.client.main.StartUp] Client-Logging initialisiert.
2009-08-12 11:19:38,750 INFO  [de.novabit.nucleus.client.main.StartUp] Java-Version 1.6.0_10-rc2
2009-08-12 13:21:30,656 INFO  [de.novabit.nucleus.client.main.StartUp] Client-Logging initialisiert.
2009-08-12 13:21:30,656 INFO  [de.novabit.nucleus.client.main.StartUp] Java-Version 1.6.0_10-rc2
2009-08-12 13:21:44,062 WARN  [de.novabit.nucleus.client.common.DetailsSubFormController] Custom column widths should be used here.
2009-08-12 13:21:44,062 WARN  [de.novabit.nucleus.client.common.DetailsSubFormController] Custom column widths should be used here.
2009-08-12 13:21:44,062 WARN  [de.novabit.nucleus.client.common.DetailsSubFormController] Custom column widths should be used here.
2009-08-12 13:21:44,062 WARN  [de.novabit.nucleus.client.common.DetailsSubFormController] Custom column widths should be used here.
2009-08-12 13:21:44,062 WARN  [de.novabit.nucleus.client.common.DetailsSubFormController] Custom column widths should be used here.
2009-08-12 13:21:44,062 WARN  [de.novabit.nucleus.client.common.DetailsSubFormController] Custom column widths should be used here.
2009-08-12 13:21:44,062 WARN  [de.novabit.nucleus.client.common.DetailsSubFormController] Custom column widths should be used here.
2009-08-12 13:21:44,062 WARN  [de.novabit.nucleus.client.common.DetailsSubFormController] Custom column widths should be used here.
2009-08-12 13:21:44,234 WARN  [de.novabit.nucleus.client.common.DetailsSubFormController] Custom column widths should be used here.
2009-08-12 13:21:44,234 WARN  [de.novabit.nucleus.client.common.DetailsSubFormController] Custom column widths should be used here.
2009-08-12 13:21:44,234 WARN  [de.novabit.nucleus.client.common.DetailsSubFormController] Custom column widths should be used here.
2009-08-12 13:21:44,234 WARN  [de.novabit.nucleus.client.common.DetailsSubFormController] Custom column widths should be used here.
2009-08-12 13:21:59,390 WARN  [de.novabit.nucleus.client.common.DetailsSubFormController] Custom column widths should be used here.
2009-08-12 13:21:59,390 WARN  [de.novabit.nucleus.client.common.DetailsSubFormController] Custom column widths should be used here.
2009-08-12 13:21:59,390 WARN  [de.novabit.nucleus.client.common.DetailsSubFormController] Custom column widths should be used here.
2009-08-12 13:21:59,390 WARN  [de.novabit.nucleus.client.common.DetailsSubFormController] Custom column widths should be used here.
2009-08-12 13:21:59,390 WARN  [de.novabit.nucleus.client.common.DetailsSubFormController] Custom column widths should be used here.
2009-08-12 13:21:59,390 WARN  [de.novabit.nucleus.client.common.DetailsSubFormController] Custom column widths should be used here.
2009-08-12 13:21:59,390 WARN  [de.novabit.nucleus.client.common.DetailsSubFormController] Custom column widths should be used here.
2009-08-12 13:21:59,390 WARN  [de.novabit.nucleus.client.common.DetailsSubFormController] Custom column widths should be used here.
2009-08-12 13:21:59,453 WARN  [de.novabit.nucleus.client.common.DetailsSubFormController] Custom column widths should be used here.
2009-08-12 13:21:59,453 WARN  [de.novabit.nucleus.client.common.DetailsSubFormController] Custom column widths should be used here.
2009-08-12 13:21:59,484 WARN  [de.novabit.nucleus.client.common.DetailsSubFormController] Custom column widths should be used here.
2009-08-12 13:21:59,484 WARN  [de.novabit.nucleus.client.common.DetailsSubFormController] Custom column widths should be used here.
2009-08-12 13:22:01,921 WARN  [de.novabit.nucleus.client.common.DetailsSubFormController] Custom column widths should be used here.
2009-08-12 13:22:01,921 WARN  [de.novabit.nucleus.client.common.DetailsSubFormController] Custom column widths should be used here.
2009-08-12 13:22:01,921 WARN  [de.novabit.nucleus.client.common.DetailsSubFormController] Custom column widths should be used here.
2009-08-12 13:22:01,921 WARN  [de.novabit.nucleus.client.common.DetailsSubFormController] Custom column widths should be used here.
2009-08-12 13:22:01,921 WARN  [de.novabit.nucleus.client.common.DetailsSubFormController] Custom column widths should be used here.
2009-08-12 13:22:01,921 WARN  [de.novabit.nucleus.client.common.DetailsSubFormController] Custom column widths should be used here.
2009-08-12 13:22:01,937 WARN  [de.novabit.nucleus.client.common.DetailsSubFormController] Custom column widths should be used here.
2009-08-12 13:22:01,937 WARN  [de.novabit.nucleus.client.common.DetailsSubFormController] Custom column widths should be used here.
2009-08-12 13:22:01,984 WARN  [de.novabit.nucleus.client.common.DetailsSubFormController] Custom column widths should be used here.
2009-08-12 13:22:01,984 WARN  [de.novabit.nucleus.client.common.DetailsSubFormController] Custom column widths should be used here.
2009-08-12 13:22:02,000 WARN  [de.novabit.nucleus.client.common.DetailsSubFormController] Custom column widths should be used here.
2009-08-12 13:22:02,000 WARN  [de.novabit.nucleus.client.common.DetailsSubFormController] Custom column widths should be used here.
2009-08-12 13:22:07,062 WARN  [de.novabit.nucleus.client.common.DetailsSubFormController] Custom column widths should be used here.
2009-08-12 13:22:07,062 WARN  [de.novabit.nucleus.client.common.DetailsSubFormController] Custom column widths should be used here.
2009-08-12 13:22:07,062 WARN  [de.novabit.nucleus.client.common.DetailsSubFormController] Custom column widths should be used here.
2009-08-12 13:22:07,062 WARN  [de.novabit.nucleus.client.common.DetailsSubFormController] Custom column widths should be used here.
2009-08-12 13:22:07,062 WARN  [de.novabit.nucleus.client.common.DetailsSubFormController] Custom column widths should be used here.
2009-08-12 13:22:07,062 WARN  [de.novabit.nucleus.client.common.DetailsSubFormController] Custom column widths should be used here.
2009-08-12 13:22:07,062 WARN  [de.novabit.nucleus.client.common.DetailsSubFormController] Custom column widths should be used here.
2009-08-12 13:22:07,062 WARN  [de.novabit.nucleus.client.common.DetailsSubFormController] Custom column widths should be used here.
2009-08-12 13:22:07,125 WARN  [de.novabit.nucleus.client.common.DetailsSubFormController] Custom column widths should be used here.
2009-08-12 13:22:07,125 WARN  [de.novabit.nucleus.client.common.DetailsSubFormController] Custom column widths should be used here.
2009-08-12 13:22:07,125 WARN  [de.novabit.nucleus.client.common.DetailsSubFormController] Custom column widths should be used here.
2009-08-12 13:22:07,125 WARN  [de.novabit.nucleus.client.common.DetailsSubFormController] Custom column widths should be used here.
2009-08-12 13:28:16,250 INFO  [de.novabit.nucleus.client.main.StartUp] Client-Logging initialisiert.
2009-08-12 13:28:16,250 INFO  [de.novabit.nucleus.client.main.StartUp] Java-Version 1.6.0_10-rc2
2009-08-12 13:28:24,937 ERROR [de.novabit.common.ui.Errors] Runtime exception occured: 
de.novabit.common.exception.PreferencesException: Sie haben kein Recht die Entität 'fulltextsearch' zu verwenden.
	at de.novabit.nucleus.client.common.NucleusCollectController.createFromPreferences(NucleusCollectController.java:373)
	at de.novabit.nucleus.client.main.MainController$CollectControllerPreferencesIO.get(MainController.java:1960)
	at de.novabit.nucleus.client.main.MainController$CollectControllerPreferencesIO.get(MainController.java:1)
	at de.novabit.common.PreferencesUtils.getGenericArrayOrNull(PreferencesUtils.java:125)
	at de.novabit.common.PreferencesUtils.getGenericArray(PreferencesUtils.java:143)
	at de.novabit.nucleus.client.main.MainController.reopenAllControllers(MainController.java:1629)
	at de.novabit.nucleus.client.main.MainController.<init>(MainController.java:417)
	at sun.reflect.NativeConstructorAccessorImpl.newInstance0(Native Method)
	at sun.reflect.NativeConstructorAccessorImpl.newInstance(NativeConstructorAccessorImpl.java:39)
	at sun.reflect.DelegatingConstructorAccessorImpl.newInstance(DelegatingConstructorAccessorImpl.java:27)
	at java.lang.reflect.Constructor.newInstance(Constructor.java:513)
	at de.novabit.nucleus.client.main.StartUp.createMainController(StartUp.java:276)
	at de.novabit.nucleus.client.main.StartUp.access$5(StartUp.java:266)
	at de.novabit.nucleus.client.main.StartUp$2$1.run(StartUp.java:193)
	at de.novabit.common.NovabitRunnableAdapter.run(NovabitRunnableAdapter.java:21)
	at de.novabit.common.ui.UIUtils.runCommand(UIUtils.java:625)
	at de.novabit.common.ui.UIUtils.runCommand(UIUtils.java:600)
	at de.novabit.common.ui.UIUtils.runCommand(UIUtils.java:647)
	at de.novabit.nucleus.client.main.StartUp$2.loginSuccessful(StartUp.java:186)
	at de.novabit.nucleus.client.login.LoginController.fireLoginSuccessful(LoginController.java:423)
	at de.novabit.nucleus.client.login.LoginController$2.propertyChange(LoginController.java:176)
	at java.beans.PropertyChangeSupport.firePropertyChange(PropertyChangeSupport.java:339)
	at java.beans.PropertyChangeSupport.firePropertyChange(PropertyChangeSupport.java:347)
	at java.beans.PropertyChangeSupport.firePropertyChange(PropertyChangeSupport.java:276)
	at java.awt.Component.firePropertyChange(Component.java:7961)
	at javax.swing.JOptionPane.setValue(JOptionPane.java:1945)
	at javax.swing.plaf.basic.BasicOptionPaneUI$ButtonActionListener.actionPerformed(BasicOptionPaneUI.java:1184)
	at javax.swing.AbstractButton.fireActionPerformed(AbstractButton.java:1995)
	at javax.swing.AbstractButton$Handler.actionPerformed(AbstractButton.java:2318)
	at javax.swing.DefaultButtonModel.fireActionPerformed(DefaultButtonModel.java:387)
	at javax.swing.DefaultButtonModel.setPressed(DefaultButtonModel.java:242)
	at javax.swing.plaf.basic.BasicButtonListener.mouseReleased(BasicButtonListener.java:236)
	at java.awt.Component.processMouseEvent(Component.java:6134)
	at javax.swing.JComponent.processMouseEvent(JComponent.java:3265)
	at java.awt.Component.processEvent(Component.java:5899)
	at java.awt.Container.processEvent(Container.java:2023)
	at java.awt.Component.dispatchEventImpl(Component.java:4501)
	at java.awt.Container.dispatchEventImpl(Container.java:2081)
	at java.awt.Component.dispatchEvent(Component.java:4331)
	at java.awt.LightweightDispatcher.retargetMouseEvent(Container.java:4301)
	at java.awt.LightweightDispatcher.processMouseEvent(Container.java:3965)
	at java.awt.LightweightDispatcher.dispatchEvent(Container.java:3895)
	at java.awt.Container.dispatchEventImpl(Container.java:2067)
	at java.awt.Window.dispatchEventImpl(Window.java:2458)
	at java.awt.Component.dispatchEvent(Component.java:4331)
	at java.awt.EventQueue.dispatchEvent(EventQueue.java:599)
	at java.awt.EventDispatchThread.pumpOneEventForFilters(EventDispatchThread.java:269)
	at java.awt.EventDispatchThread.pumpEventsForFilter(EventDispatchThread.java:184)
	at java.awt.EventDispatchThread.pumpEventsForHierarchy(EventDispatchThread.java:174)
	at java.awt.EventDispatchThread.pumpEvents(EventDispatchThread.java:169)
	at java.awt.EventDispatchThread.pumpEvents(EventDispatchThread.java:161)
	at java.awt.EventDispatchThread.run(EventDispatchThread.java:122)
2009-08-12 13:28:54,031 WARN  [de.novabit.nucleus.client.common.DetailsSubFormController] Custom column widths should be used here.
2009-08-12 13:28:54,031 WARN  [de.novabit.nucleus.client.common.DetailsSubFormController] Custom column widths should be used here.
2009-08-12 13:28:54,031 WARN  [de.novabit.nucleus.client.common.DetailsSubFormController] Custom column widths should be used here.
2009-08-12 13:28:54,031 WARN  [de.novabit.nucleus.client.common.DetailsSubFormController] Custom column widths should be used here.
2009-08-12 13:28:54,031 WARN  [de.novabit.nucleus.client.common.DetailsSubFormController] Custom column widths should be used here.
2009-08-12 13:28:54,031 WARN  [de.novabit.nucleus.client.common.DetailsSubFormController] Custom column widths should be used here.
2009-08-12 13:28:54,031 WARN  [de.novabit.nucleus.client.common.DetailsSubFormController] Custom column widths should be used here.
2009-08-12 13:28:54,031 WARN  [de.novabit.nucleus.client.common.DetailsSubFormController] Custom column widths should be used here.
2009-08-12 13:29:29,218 WARN  [de.novabit.nucleus.client.common.DetailsSubFormController] Custom column widths should be used here.
2009-08-12 13:29:29,218 WARN  [de.novabit.nucleus.client.common.DetailsSubFormController] Custom column widths should be used here.
2009-08-12 13:29:29,218 WARN  [de.novabit.nucleus.client.common.DetailsSubFormController] Custom column widths should be used here.
2009-08-12 13:29:29,218 WARN  [de.novabit.nucleus.client.common.DetailsSubFormController] Custom column widths should be used here.
2009-08-12 13:29:29,218 WARN  [de.novabit.nucleus.client.common.DetailsSubFormController] Custom column widths should be used here.
2009-08-12 13:29:29,218 WARN  [de.novabit.nucleus.client.common.DetailsSubFormController] Custom column widths should be used here.
2009-08-12 13:29:29,218 WARN  [de.novabit.nucleus.client.common.DetailsSubFormController] Custom column widths should be used here.
2009-08-12 13:29:29,218 WARN  [de.novabit.nucleus.client.common.DetailsSubFormController] Custom column widths should be used here.
2009-08-12 13:29:29,250 WARN  [de.novabit.nucleus.client.common.DetailsSubFormController] Custom column widths should be used here.
2009-08-12 13:29:29,250 WARN  [de.novabit.nucleus.client.common.DetailsSubFormController] Custom column widths should be used here.
2009-08-12 13:29:29,250 WARN  [de.novabit.nucleus.client.common.DetailsSubFormController] Custom column widths should be used here.
2009-08-12 13:29:29,250 WARN  [de.novabit.nucleus.client.common.DetailsSubFormController] Custom column widths should be used here.
2009-08-12 13:29:34,171 INFO  [de.novabit.nucleus.client.main.StartUp] Client-Logging initialisiert.
2009-08-12 13:29:34,171 INFO  [de.novabit.nucleus.client.main.StartUp] Java-Version 1.6.0_10-rc2
2009-08-12 13:31:09,656 WARN  [de.novabit.nucleus.client.common.DetailsSubFormController] Custom column widths should be used here.
2009-08-12 13:31:09,656 WARN  [de.novabit.nucleus.client.common.DetailsSubFormController] Custom column widths should be used here.
2009-08-12 13:31:17,218 WARN  [de.novabit.nucleus.client.common.DetailsSubFormController] Custom column widths should be used here.
2009-08-12 13:31:17,218 WARN  [de.novabit.nucleus.client.common.DetailsSubFormController] Custom column widths should be used here.
2009-08-12 13:31:32,453 WARN  [de.novabit.nucleus.client.common.DetailsSubFormController] Custom column widths should be used here.
2009-08-12 13:31:32,453 WARN  [de.novabit.nucleus.client.common.DetailsSubFormController] Custom column widths should be used here.
2009-08-12 13:31:32,453 WARN  [de.novabit.nucleus.client.common.DetailsSubFormController] Custom column widths should be used here.
2009-08-12 13:31:32,453 WARN  [de.novabit.nucleus.client.common.DetailsSubFormController] Custom column widths should be used here.
2009-08-12 13:31:32,453 WARN  [de.novabit.nucleus.client.common.DetailsSubFormController] Custom column widths should be used here.
2009-08-12 13:31:32,453 WARN  [de.novabit.nucleus.client.common.DetailsSubFormController] Custom column widths should be used here.
2009-08-12 13:31:32,453 WARN  [de.novabit.nucleus.client.common.DetailsSubFormController] Custom column widths should be used here.
2009-08-12 13:31:32,453 WARN  [de.novabit.nucleus.client.common.DetailsSubFormController] Custom column widths should be used here.
2009-08-12 13:31:32,515 WARN  [de.novabit.nucleus.client.common.DetailsSubFormController] Custom column widths should be used here.
2009-08-12 13:31:32,515 WARN  [de.novabit.nucleus.client.common.DetailsSubFormController] Custom column widths should be used here.
2009-08-12 13:31:32,515 WARN  [de.novabit.nucleus.client.common.DetailsSubFormController] Custom column widths should be used here.
2009-08-12 13:31:32,515 WARN  [de.novabit.nucleus.client.common.DetailsSubFormController] Custom column widths should be used here.
2009-08-12 13:31:48,250 WARN  [de.novabit.nucleus.client.common.DetailsSubFormController] Custom column widths should be used here.
2009-08-12 13:31:48,250 WARN  [de.novabit.nucleus.client.common.DetailsSubFormController] Custom column widths should be used here.
2009-08-12 13:31:48,250 WARN  [de.novabit.nucleus.client.common.DetailsSubFormController] Custom column widths should be used here.
2009-08-12 13:31:48,250 WARN  [de.novabit.nucleus.client.common.DetailsSubFormController] Custom column widths should be used here.
2009-08-12 13:31:48,250 WARN  [de.novabit.nucleus.client.common.DetailsSubFormController] Custom column widths should be used here.
2009-08-12 13:31:48,250 WARN  [de.novabit.nucleus.client.common.DetailsSubFormController] Custom column widths should be used here.
2009-08-12 13:31:48,250 WARN  [de.novabit.nucleus.client.common.DetailsSubFormController] Custom column widths should be used here.
2009-08-12 13:31:48,250 WARN  [de.novabit.nucleus.client.common.DetailsSubFormController] Custom column widths should be used here.
2009-08-12 13:31:48,312 WARN  [de.novabit.nucleus.client.common.DetailsSubFormController] Custom column widths should be used here.
2009-08-12 13:31:48,312 WARN  [de.novabit.nucleus.client.common.DetailsSubFormController] Custom column widths should be used here.
2009-08-12 13:31:48,343 WARN  [de.novabit.nucleus.client.common.DetailsSubFormController] Custom column widths should be used here.
2009-08-12 13:31:48,343 WARN  [de.novabit.nucleus.client.common.DetailsSubFormController] Custom column widths should be used here.
2009-08-12 13:32:04,187 WARN  [de.novabit.nucleus.client.common.DetailsSubFormController] Custom column widths should be used here.
2009-08-12 13:32:04,187 WARN  [de.novabit.nucleus.client.common.DetailsSubFormController] Custom column widths should be used here.
2009-08-12 13:32:10,421 WARN  [de.novabit.nucleus.client.common.DetailsSubFormController] Custom column widths should be used here.
2009-08-12 13:32:25,640 WARN  [de.novabit.nucleus.client.common.DetailsSubFormController] Custom column widths should be used here.
2009-08-12 13:32:40,562 WARN  [de.novabit.nucleus.client.common.DetailsSubFormController] Custom column widths should be used here.
2009-08-12 13:32:40,562 WARN  [de.novabit.nucleus.client.common.DetailsSubFormController] Custom column widths should be used here.
2009-08-12 13:32:45,781 WARN  [de.novabit.nucleus.client.common.DetailsSubFormController] Custom column widths should be used here.
2009-08-12 13:32:45,781 WARN  [de.novabit.nucleus.client.common.DetailsSubFormController] Custom column widths should be used here.
2009-08-12 13:32:59,687 INFO  [de.novabit.nucleus.client.main.StartUp] Client-Logging initialisiert.
2009-08-12 13:32:59,687 INFO  [de.novabit.nucleus.client.main.StartUp] Java-Version 1.6.0_10-rc2
2009-08-12 13:33:06,031 ERROR [de.novabit.common.ui.Errors] Runtime exception occured: 
de.novabit.common.exception.PreferencesException: Sie haben kein Recht die Entität 'fulltextsearch' zu verwenden.
	at de.novabit.nucleus.client.common.NucleusCollectController.createFromPreferences(NucleusCollectController.java:373)
	at de.novabit.nucleus.client.main.MainController$CollectControllerPreferencesIO.get(MainController.java:1960)
	at de.novabit.nucleus.client.main.MainController$CollectControllerPreferencesIO.get(MainController.java:1)
	at de.novabit.common.PreferencesUtils.getGenericArrayOrNull(PreferencesUtils.java:125)
	at de.novabit.common.PreferencesUtils.getGenericArray(PreferencesUtils.java:143)
	at de.novabit.nucleus.client.main.MainController.reopenAllControllers(MainController.java:1629)
	at de.novabit.nucleus.client.main.MainController.<init>(MainController.java:417)
	at sun.reflect.NativeConstructorAccessorImpl.newInstance0(Native Method)
	at sun.reflect.NativeConstructorAccessorImpl.newInstance(NativeConstructorAccessorImpl.java:39)
	at sun.reflect.DelegatingConstructorAccessorImpl.newInstance(DelegatingConstructorAccessorImpl.java:27)
	at java.lang.reflect.Constructor.newInstance(Constructor.java:513)
	at de.novabit.nucleus.client.main.StartUp.createMainController(StartUp.java:276)
	at de.novabit.nucleus.client.main.StartUp.access$5(StartUp.java:266)
	at de.novabit.nucleus.client.main.StartUp$2$1.run(StartUp.java:193)
	at de.novabit.common.NovabitRunnableAdapter.run(NovabitRunnableAdapter.java:21)
	at de.novabit.common.ui.UIUtils.runCommand(UIUtils.java:625)
	at de.novabit.common.ui.UIUtils.runCommand(UIUtils.java:600)
	at de.novabit.common.ui.UIUtils.runCommand(UIUtils.java:647)
	at de.novabit.nucleus.client.main.StartUp$2.loginSuccessful(StartUp.java:186)
	at de.novabit.nucleus.client.login.LoginController.fireLoginSuccessful(LoginController.java:423)
	at de.novabit.nucleus.client.login.LoginController$2.propertyChange(LoginController.java:176)
	at java.beans.PropertyChangeSupport.firePropertyChange(PropertyChangeSupport.java:339)
	at java.beans.PropertyChangeSupport.firePropertyChange(PropertyChangeSupport.java:347)
	at java.beans.PropertyChangeSupport.firePropertyChange(PropertyChangeSupport.java:276)
	at java.awt.Component.firePropertyChange(Component.java:7961)
	at javax.swing.JOptionPane.setValue(JOptionPane.java:1945)
	at javax.swing.plaf.basic.BasicOptionPaneUI$ButtonActionListener.actionPerformed(BasicOptionPaneUI.java:1184)
	at javax.swing.AbstractButton.fireActionPerformed(AbstractButton.java:1995)
	at javax.swing.AbstractButton$Handler.actionPerformed(AbstractButton.java:2318)
	at javax.swing.DefaultButtonModel.fireActionPerformed(DefaultButtonModel.java:387)
	at javax.swing.DefaultButtonModel.setPressed(DefaultButtonModel.java:242)
	at javax.swing.plaf.basic.BasicButtonListener.mouseReleased(BasicButtonListener.java:236)
	at java.awt.Component.processMouseEvent(Component.java:6134)
	at javax.swing.JComponent.processMouseEvent(JComponent.java:3265)
	at java.awt.Component.processEvent(Component.java:5899)
	at java.awt.Container.processEvent(Container.java:2023)
	at java.awt.Component.dispatchEventImpl(Component.java:4501)
	at java.awt.Container.dispatchEventImpl(Container.java:2081)
	at java.awt.Component.dispatchEvent(Component.java:4331)
	at java.awt.LightweightDispatcher.retargetMouseEvent(Container.java:4301)
	at java.awt.LightweightDispatcher.processMouseEvent(Container.java:3965)
	at java.awt.LightweightDispatcher.dispatchEvent(Container.java:3895)
	at java.awt.Container.dispatchEventImpl(Container.java:2067)
	at java.awt.Window.dispatchEventImpl(Window.java:2458)
	at java.awt.Component.dispatchEvent(Component.java:4331)
	at java.awt.EventQueue.dispatchEvent(EventQueue.java:599)
	at java.awt.EventDispatchThread.pumpOneEventForFilters(EventDispatchThread.java:269)
	at java.awt.EventDispatchThread.pumpEventsForFilter(EventDispatchThread.java:184)
	at java.awt.EventDispatchThread.pumpEventsForHierarchy(EventDispatchThread.java:174)
	at java.awt.EventDispatchThread.pumpEvents(EventDispatchThread.java:169)
	at java.awt.EventDispatchThread.pumpEvents(EventDispatchThread.java:161)
	at java.awt.EventDispatchThread.run(EventDispatchThread.java:122)
2009-08-12 13:33:54,171 WARN  [de.novabit.nucleus.client.common.DetailsSubFormController] Custom column widths should be used here.
2009-08-12 13:33:54,171 WARN  [de.novabit.nucleus.client.common.DetailsSubFormController] Custom column widths should be used here.
2009-08-12 13:33:54,171 WARN  [de.novabit.nucleus.client.common.DetailsSubFormController] Custom column widths should be used here.
2009-08-12 13:33:54,171 WARN  [de.novabit.nucleus.client.common.DetailsSubFormController] Custom column widths should be used here.
2009-08-12 13:33:54,171 WARN  [de.novabit.nucleus.client.common.DetailsSubFormController] Custom column widths should be used here.
2009-08-12 13:33:54,171 WARN  [de.novabit.nucleus.client.common.DetailsSubFormController] Custom column widths should be used here.
2009-08-12 13:33:54,171 WARN  [de.novabit.nucleus.client.common.DetailsSubFormController] Custom column widths should be used here.
2009-08-12 13:33:54,171 WARN  [de.novabit.nucleus.client.common.DetailsSubFormController] Custom column widths should be used here.
2009-08-12 13:33:54,265 WARN  [de.novabit.nucleus.client.common.DetailsSubFormController] Custom column widths should be used here.
2009-08-12 13:33:54,265 WARN  [de.novabit.nucleus.client.common.DetailsSubFormController] Custom column widths should be used here.
2009-08-12 13:33:54,265 WARN  [de.novabit.nucleus.client.common.DetailsSubFormController] Custom column widths should be used here.
2009-08-12 13:33:54,296 WARN  [de.novabit.nucleus.client.common.DetailsSubFormController] Custom column widths should be used here.
2009-08-12 13:34:04,140 WARN  [de.novabit.nucleus.client.common.DetailsSubFormController] Custom column widths should be used here.
2009-08-12 13:34:04,140 WARN  [de.novabit.nucleus.client.common.DetailsSubFormController] Custom column widths should be used here.
2009-08-12 13:34:04,140 WARN  [de.novabit.nucleus.client.common.DetailsSubFormController] Custom column widths should be used here.
2009-08-12 13:34:04,140 WARN  [de.novabit.nucleus.client.common.DetailsSubFormController] Custom column widths should be used here.
2009-08-12 13:34:04,156 WARN  [de.novabit.nucleus.client.common.DetailsSubFormController] Custom column widths should be used here.
2009-08-12 13:34:04,156 WARN  [de.novabit.nucleus.client.common.DetailsSubFormController] Custom column widths should be used here.
2009-08-12 13:34:04,156 WARN  [de.novabit.nucleus.client.common.DetailsSubFormController] Custom column widths should be used here.
2009-08-12 13:34:04,156 WARN  [de.novabit.nucleus.client.common.DetailsSubFormController] Custom column widths should be used here.
2009-08-12 13:34:04,218 WARN  [de.novabit.nucleus.client.common.DetailsSubFormController] Custom column widths should be used here.
2009-08-12 13:34:04,218 WARN  [de.novabit.nucleus.client.common.DetailsSubFormController] Custom column widths should be used here.
2009-08-12 13:34:04,218 WARN  [de.novabit.nucleus.client.common.DetailsSubFormController] Custom column widths should be used here.
2009-08-12 13:34:04,218 WARN  [de.novabit.nucleus.client.common.DetailsSubFormController] Custom column widths should be used here.
2009-08-12 13:34:07,500 WARN  [de.novabit.nucleus.client.common.DetailsSubFormController] Custom column widths should be used here.
2009-08-12 13:34:07,500 WARN  [de.novabit.nucleus.client.common.DetailsSubFormController] Custom column widths should be used here.
2009-08-12 13:34:07,500 WARN  [de.novabit.nucleus.client.common.DetailsSubFormController] Custom column widths should be used here.
2009-08-12 13:34:07,500 WARN  [de.novabit.nucleus.client.common.DetailsSubFormController] Custom column widths should be used here.
2009-08-12 13:34:07,515 WARN  [de.novabit.nucleus.client.common.DetailsSubFormController] Custom column widths should be used here.
2009-08-12 13:34:07,515 WARN  [de.novabit.nucleus.client.common.DetailsSubFormController] Custom column widths should be used here.
2009-08-12 13:34:07,515 WARN  [de.novabit.nucleus.client.common.DetailsSubFormController] Custom column widths should be used here.
2009-08-12 13:34:07,515 WARN  [de.novabit.nucleus.client.common.DetailsSubFormController] Custom column widths should be used here.
2009-08-12 13:34:07,593 WARN  [de.novabit.nucleus.client.common.DetailsSubFormController] Custom column widths should be used here.
2009-08-12 13:34:07,593 WARN  [de.novabit.nucleus.client.common.DetailsSubFormController] Custom column widths should be used here.
2009-08-12 13:34:07,593 WARN  [de.novabit.nucleus.client.common.DetailsSubFormController] Custom column widths should be used here.
2009-08-12 13:34:07,593 WARN  [de.novabit.nucleus.client.common.DetailsSubFormController] Custom column widths should be used here.
2009-08-12 14:11:44,375 INFO  [de.novabit.nucleus.client.main.StartUp] Client-Logging initialisiert.
2009-08-12 14:11:44,375 INFO  [de.novabit.nucleus.client.main.StartUp] Java-Version 1.6.0_10-rc2
2009-08-12 14:11:52,296 ERROR [de.novabit.common.ui.Errors] Runtime exception occured: 
de.novabit.common.exception.PreferencesException: Sie haben kein Recht die Entität 'fulltextsearch' zu verwenden.
	at de.novabit.nucleus.client.common.NucleusCollectController.createFromPreferences(NucleusCollectController.java:373)
	at de.novabit.nucleus.client.main.MainController$CollectControllerPreferencesIO.get(MainController.java:1960)
	at de.novabit.nucleus.client.main.MainController$CollectControllerPreferencesIO.get(MainController.java:1)
	at de.novabit.common.PreferencesUtils.getGenericArrayOrNull(PreferencesUtils.java:125)
	at de.novabit.common.PreferencesUtils.getGenericArray(PreferencesUtils.java:143)
	at de.novabit.nucleus.client.main.MainController.reopenAllControllers(MainController.java:1629)
	at de.novabit.nucleus.client.main.MainController.<init>(MainController.java:417)
	at sun.reflect.NativeConstructorAccessorImpl.newInstance0(Native Method)
	at sun.reflect.NativeConstructorAccessorImpl.newInstance(NativeConstructorAccessorImpl.java:39)
	at sun.reflect.DelegatingConstructorAccessorImpl.newInstance(DelegatingConstructorAccessorImpl.java:27)
	at java.lang.reflect.Constructor.newInstance(Constructor.java:513)
	at de.novabit.nucleus.client.main.StartUp.createMainController(StartUp.java:276)
	at de.novabit.nucleus.client.main.StartUp.access$5(StartUp.java:266)
	at de.novabit.nucleus.client.main.StartUp$2$1.run(StartUp.java:193)
	at de.novabit.common.NovabitRunnableAdapter.run(NovabitRunnableAdapter.java:21)
	at de.novabit.common.ui.UIUtils.runCommand(UIUtils.java:625)
	at de.novabit.common.ui.UIUtils.runCommand(UIUtils.java:600)
	at de.novabit.common.ui.UIUtils.runCommand(UIUtils.java:647)
	at de.novabit.nucleus.client.main.StartUp$2.loginSuccessful(StartUp.java:186)
	at de.novabit.nucleus.client.login.LoginController.fireLoginSuccessful(LoginController.java:423)
	at de.novabit.nucleus.client.login.LoginController$2.propertyChange(LoginController.java:176)
	at java.beans.PropertyChangeSupport.firePropertyChange(PropertyChangeSupport.java:339)
	at java.beans.PropertyChangeSupport.firePropertyChange(PropertyChangeSupport.java:347)
	at java.beans.PropertyChangeSupport.firePropertyChange(PropertyChangeSupport.java:276)
	at java.awt.Component.firePropertyChange(Component.java:7961)
	at javax.swing.JOptionPane.setValue(JOptionPane.java:1945)
	at javax.swing.plaf.basic.BasicOptionPaneUI$ButtonActionListener.actionPerformed(BasicOptionPaneUI.java:1184)
	at javax.swing.AbstractButton.fireActionPerformed(AbstractButton.java:1995)
	at javax.swing.AbstractButton$Handler.actionPerformed(AbstractButton.java:2318)
	at javax.swing.DefaultButtonModel.fireActionPerformed(DefaultButtonModel.java:387)
	at javax.swing.DefaultButtonModel.setPressed(DefaultButtonModel.java:242)
	at javax.swing.AbstractButton.doClick(AbstractButton.java:357)
	at javax.swing.plaf.basic.BasicRootPaneUI$Actions.actionPerformed(BasicRootPaneUI.java:191)
	at javax.swing.SwingUtilities.notifyAction(SwingUtilities.java:1636)
	at javax.swing.JComponent.processKeyBinding(JComponent.java:2849)
	at javax.swing.KeyboardManager.fireBinding(KeyboardManager.java:267)
	at javax.swing.KeyboardManager.fireKeyboardAction(KeyboardManager.java:216)
	at javax.swing.JComponent.processKeyBindingsForAllComponents(JComponent.java:2926)
	at javax.swing.JComponent.processKeyBindings(JComponent.java:2918)
	at javax.swing.JComponent.processKeyEvent(JComponent.java:2812)
	at java.awt.Component.processEvent(Component.java:5911)
	at java.awt.Container.processEvent(Container.java:2023)
	at java.awt.Component.dispatchEventImpl(Component.java:4501)
	at java.awt.Container.dispatchEventImpl(Container.java:2081)
	at java.awt.Component.dispatchEvent(Component.java:4331)
	at java.awt.KeyboardFocusManager.redispatchEvent(KeyboardFocusManager.java:1848)
	at java.awt.DefaultKeyboardFocusManager.dispatchKeyEvent(DefaultKeyboardFocusManager.java:704)
	at java.awt.DefaultKeyboardFocusManager.preDispatchKeyEvent(DefaultKeyboardFocusManager.java:969)
	at java.awt.DefaultKeyboardFocusManager.typeAheadAssertions(DefaultKeyboardFocusManager.java:841)
	at java.awt.DefaultKeyboardFocusManager.dispatchEvent(DefaultKeyboardFocusManager.java:668)
	at java.awt.Component.dispatchEventImpl(Component.java:4373)
	at java.awt.Container.dispatchEventImpl(Container.java:2081)
	at java.awt.Window.dispatchEventImpl(Window.java:2458)
	at java.awt.Component.dispatchEvent(Component.java:4331)
	at java.awt.EventQueue.dispatchEvent(EventQueue.java:599)
	at java.awt.EventDispatchThread.pumpOneEventForFilters(EventDispatchThread.java:269)
	at java.awt.EventDispatchThread.pumpEventsForFilter(EventDispatchThread.java:184)
	at java.awt.EventDispatchThread.pumpEventsForHierarchy(EventDispatchThread.java:174)
	at java.awt.EventDispatchThread.pumpEvents(EventDispatchThread.java:169)
	at java.awt.EventDispatchThread.pumpEvents(EventDispatchThread.java:161)
	at java.awt.EventDispatchThread.run(EventDispatchThread.java:122)
2009-08-12 14:12:37,046 INFO  [de.novabit.nucleus.client.main.StartUp] Client-Logging initialisiert.
2009-08-12 14:12:37,046 INFO  [de.novabit.nucleus.client.main.StartUp] Java-Version 1.6.0_10-rc2
2009-08-12 14:12:47,515 WARN  [de.novabit.nucleus.client.common.DetailsSubFormController] Custom column widths should be used here.
2009-08-12 14:12:47,515 WARN  [de.novabit.nucleus.client.common.DetailsSubFormController] Custom column widths should be used here.
2009-08-12 14:12:47,515 WARN  [de.novabit.nucleus.client.common.DetailsSubFormController] Custom column widths should be used here.
2009-08-12 14:12:47,515 WARN  [de.novabit.nucleus.client.common.DetailsSubFormController] Custom column widths should be used here.
2009-08-12 14:12:47,531 WARN  [de.novabit.nucleus.client.common.DetailsSubFormController] Custom column widths should be used here.
2009-08-12 14:12:47,531 WARN  [de.novabit.nucleus.client.common.DetailsSubFormController] Custom column widths should be used here.
2009-08-12 14:12:47,531 WARN  [de.novabit.nucleus.client.common.DetailsSubFormController] Custom column widths should be used here.
2009-08-12 14:12:47,531 WARN  [de.novabit.nucleus.client.common.DetailsSubFormController] Custom column widths should be used here.
2009-08-12 14:12:47,687 WARN  [de.novabit.nucleus.client.common.DetailsSubFormController] Custom column widths should be used here.
2009-08-12 14:12:47,687 WARN  [de.novabit.nucleus.client.common.DetailsSubFormController] Custom column widths should be used here.
2009-08-12 14:12:47,687 WARN  [de.novabit.nucleus.client.common.DetailsSubFormController] Custom column widths should be used here.
2009-08-12 14:12:47,687 WARN  [de.novabit.nucleus.client.common.DetailsSubFormController] Custom column widths should be used here.
2009-08-12 14:12:57,171 WARN  [de.novabit.nucleus.client.common.DetailsSubFormController] Custom column widths should be used here.
2009-08-12 14:12:57,171 WARN  [de.novabit.nucleus.client.common.DetailsSubFormController] Custom column widths should be used here.
2009-08-12 14:12:57,171 WARN  [de.novabit.nucleus.client.common.DetailsSubFormController] Custom column widths should be used here.
2009-08-12 14:12:57,171 WARN  [de.novabit.nucleus.client.common.DetailsSubFormController] Custom column widths should be used here.
2009-08-12 14:12:57,171 WARN  [de.novabit.nucleus.client.common.DetailsSubFormController] Custom column widths should be used here.
2009-08-12 14:12:57,171 WARN  [de.novabit.nucleus.client.common.DetailsSubFormController] Custom column widths should be used here.
2009-08-12 14:12:57,171 WARN  [de.novabit.nucleus.client.common.DetailsSubFormController] Custom column widths should be used here.
2009-08-12 14:12:57,171 WARN  [de.novabit.nucleus.client.common.DetailsSubFormController] Custom column widths should be used here.
2009-08-12 14:12:57,250 WARN  [de.novabit.nucleus.client.common.DetailsSubFormController] Custom column widths should be used here.
2009-08-12 14:12:57,265 WARN  [de.novabit.nucleus.client.common.DetailsSubFormController] Custom column widths should be used here.
2009-08-12 14:12:57,265 WARN  [de.novabit.nucleus.client.common.DetailsSubFormController] Custom column widths should be used here.
2009-08-12 14:12:57,265 WARN  [de.novabit.nucleus.client.common.DetailsSubFormController] Custom column widths should be used here.
2009-08-12 14:13:00,828 WARN  [de.novabit.nucleus.client.common.DetailsSubFormController] Custom column widths should be used here.
2009-08-12 14:13:00,828 WARN  [de.novabit.nucleus.client.common.DetailsSubFormController] Custom column widths should be used here.
2009-08-12 14:13:00,828 WARN  [de.novabit.nucleus.client.common.DetailsSubFormController] Custom column widths should be used here.
2009-08-12 14:13:00,828 WARN  [de.novabit.nucleus.client.common.DetailsSubFormController] Custom column widths should be used here.
2009-08-12 14:13:00,828 WARN  [de.novabit.nucleus.client.common.DetailsSubFormController] Custom column widths should be used here.
2009-08-12 14:13:00,828 WARN  [de.novabit.nucleus.client.common.DetailsSubFormController] Custom column widths should be used here.
2009-08-12 14:13:00,828 WARN  [de.novabit.nucleus.client.common.DetailsSubFormController] Custom column widths should be used here.
2009-08-12 14:13:00,828 WARN  [de.novabit.nucleus.client.common.DetailsSubFormController] Custom column widths should be used here.
2009-08-12 14:13:00,953 WARN  [de.novabit.nucleus.client.common.DetailsSubFormController] Custom column widths should be used here.
2009-08-12 14:13:00,953 WARN  [de.novabit.nucleus.client.common.DetailsSubFormController] Custom column widths should be used here.
2009-08-12 14:13:00,984 WARN  [de.novabit.nucleus.client.common.DetailsSubFormController] Custom column widths should be used here.
2009-08-12 14:13:00,984 WARN  [de.novabit.nucleus.client.common.DetailsSubFormController] Custom column widths should be used here.
2009-08-12 14:13:03,734 WARN  [de.novabit.nucleus.client.common.DetailsSubFormController] Custom column widths should be used here.
2009-08-12 14:13:03,734 WARN  [de.novabit.nucleus.client.common.DetailsSubFormController] Custom column widths should be used here.
2009-08-12 14:13:03,734 WARN  [de.novabit.nucleus.client.common.DetailsSubFormController] Custom column widths should be used here.
2009-08-12 14:13:03,734 WARN  [de.novabit.nucleus.client.common.DetailsSubFormController] Custom column widths should be used here.
2009-08-12 14:13:03,734 WARN  [de.novabit.nucleus.client.common.DetailsSubFormController] Custom column widths should be used here.
2009-08-12 14:13:03,734 WARN  [de.novabit.nucleus.client.common.DetailsSubFormController] Custom column widths should be used here.
2009-08-12 14:13:03,734 WARN  [de.novabit.nucleus.client.common.DetailsSubFormController] Custom column widths should be used here.
2009-08-12 14:13:03,734 WARN  [de.novabit.nucleus.client.common.DetailsSubFormController] Custom column widths should be used here.
2009-08-12 14:13:03,796 WARN  [de.novabit.nucleus.client.common.DetailsSubFormController] Custom column widths should be used here.
2009-08-12 14:13:03,796 WARN  [de.novabit.nucleus.client.common.DetailsSubFormController] Custom column widths should be used here.
2009-08-12 14:13:03,843 WARN  [de.novabit.nucleus.client.common.DetailsSubFormController] Custom column widths should be used here.
2009-08-12 14:13:03,843 WARN  [de.novabit.nucleus.client.common.DetailsSubFormController] Custom column widths should be used here.
2009-08-12 14:13:09,734 WARN  [de.novabit.nucleus.client.common.DetailsSubFormController] Custom column widths should be used here.
2009-08-12 14:13:09,734 WARN  [de.novabit.nucleus.client.common.DetailsSubFormController] Custom column widths should be used here.
2009-08-12 14:13:09,734 WARN  [de.novabit.nucleus.client.common.DetailsSubFormController] Custom column widths should be used here.
2009-08-12 14:13:09,734 WARN  [de.novabit.nucleus.client.common.DetailsSubFormController] Custom column widths should be used here.
2009-08-12 14:13:09,734 WARN  [de.novabit.nucleus.client.common.DetailsSubFormController] Custom column widths should be used here.
2009-08-12 14:13:09,734 WARN  [de.novabit.nucleus.client.common.DetailsSubFormController] Custom column widths should be used here.
2009-08-12 14:13:09,734 WARN  [de.novabit.nucleus.client.common.DetailsSubFormController] Custom column widths should be used here.
2009-08-12 14:13:09,734 WARN  [de.novabit.nucleus.client.common.DetailsSubFormController] Custom column widths should be used here.
2009-08-12 14:13:09,796 WARN  [de.novabit.nucleus.client.common.DetailsSubFormController] Custom column widths should be used here.
2009-08-12 14:13:09,796 WARN  [de.novabit.nucleus.client.common.DetailsSubFormController] Custom column widths should be used here.
2009-08-12 14:13:09,812 WARN  [de.novabit.nucleus.client.common.DetailsSubFormController] Custom column widths should be used here.
2009-08-12 14:13:09,812 WARN  [de.novabit.nucleus.client.common.DetailsSubFormController] Custom column widths should be used here.
2009-08-12 14:13:34,609 WARN  [de.novabit.nucleus.client.common.DetailsSubFormController] Custom column widths should be used here.
2009-08-12 14:13:34,609 WARN  [de.novabit.nucleus.client.common.DetailsSubFormController] Custom column widths should be used here.
2009-08-12 14:13:40,953 WARN  [de.novabit.nucleus.client.common.DetailsSubFormController] Custom column widths should be used here.
2009-08-12 14:13:40,953 WARN  [de.novabit.nucleus.client.common.DetailsSubFormController] Custom column widths should be used here.
2009-08-12 14:13:46,687 WARN  [de.novabit.nucleus.client.common.DetailsSubFormController] Custom column widths should be used here.
2009-08-12 14:13:46,687 WARN  [de.novabit.nucleus.client.common.DetailsSubFormController] Custom column widths should be used here.
2009-08-12 14:13:52,656 WARN  [de.novabit.nucleus.client.common.DetailsSubFormController] Custom column widths should be used here.
2009-08-12 14:13:52,656 WARN  [de.novabit.nucleus.client.common.DetailsSubFormController] Custom column widths should be used here.
2009-08-12 14:14:03,718 INFO  [de.novabit.nucleus.client.main.StartUp] Client-Logging initialisiert.
2009-08-12 14:14:03,718 INFO  [de.novabit.nucleus.client.main.StartUp] Java-Version 1.6.0_10-rc2
2009-08-12 14:48:28,312 WARN  [de.novabit.nucleus.client.common.DetailsSubFormController] Custom column widths should be used here.
2009-08-12 14:48:28,312 WARN  [de.novabit.nucleus.client.common.DetailsSubFormController] Custom column widths should be used here.
2009-08-12 14:48:28,312 WARN  [de.novabit.nucleus.client.common.DetailsSubFormController] Custom column widths should be used here.
2009-08-12 14:48:28,312 WARN  [de.novabit.nucleus.client.common.DetailsSubFormController] Custom column widths should be used here.
2009-08-12 14:48:28,312 WARN  [de.novabit.nucleus.client.common.DetailsSubFormController] Custom column widths should be used here.
2009-08-12 14:48:28,312 WARN  [de.novabit.nucleus.client.common.DetailsSubFormController] Custom column widths should be used here.
2009-08-12 14:48:28,312 WARN  [de.novabit.nucleus.client.common.DetailsSubFormController] Custom column widths should be used here.
2009-08-12 14:48:28,312 WARN  [de.novabit.nucleus.client.common.DetailsSubFormController] Custom column widths should be used here.
2009-08-12 14:48:28,312 WARN  [de.novabit.nucleus.client.common.DetailsSubFormController] Custom column widths should be used here.
2009-08-12 14:48:28,312 WARN  [de.novabit.nucleus.client.common.DetailsSubFormController] Custom column widths should be used here.
2009-08-12 14:48:28,312 WARN  [de.novabit.nucleus.client.common.DetailsSubFormController] Custom column widths should be used here.
2009-08-12 14:48:28,312 WARN  [de.novabit.nucleus.client.common.DetailsSubFormController] Custom column widths should be used here.
2009-08-12 14:48:28,343 WARN  [de.novabit.nucleus.client.common.DetailsSubFormController] Custom column widths should be used here.
2009-08-12 14:48:28,343 WARN  [de.novabit.nucleus.client.common.DetailsSubFormController] Custom column widths should be used here.
2009-08-12 14:48:28,375 WARN  [de.novabit.nucleus.client.common.DetailsSubFormController] Custom column widths should be used here.
2009-08-12 14:48:28,390 WARN  [de.novabit.nucleus.client.common.DetailsSubFormController] Custom column widths should be used here.
2009-08-12 14:48:39,484 WARN  [de.novabit.nucleus.client.common.DetailsSubFormController] Custom column widths should be used here.
2009-08-12 14:48:52,109 WARN  [de.novabit.nucleus.client.common.DetailsSubFormController] Custom column widths should be used here.
2009-08-12 14:48:52,125 WARN  [de.novabit.nucleus.client.common.DetailsSubFormController] Custom column widths should be used here.
2009-08-12 14:48:53,765 WARN  [de.novabit.nucleus.client.common.DetailsSubFormController] Custom column widths should be used here.
2009-08-12 14:48:53,765 WARN  [de.novabit.nucleus.client.common.DetailsSubFormController] Custom column widths should be used here.
2009-08-12 14:49:07,250 WARN  [de.novabit.nucleus.client.common.DetailsSubFormController] Custom column widths should be used here.
2009-08-12 14:49:07,250 WARN  [de.novabit.nucleus.client.common.DetailsSubFormController] Custom column widths should be used here.
2009-08-12 14:49:07,265 WARN  [de.novabit.nucleus.client.common.DetailsSubFormController] Custom column widths should be used here.
2009-08-12 14:49:07,281 WARN  [de.novabit.nucleus.client.common.DetailsSubFormController] Custom column widths should be used here.
2009-08-12 14:49:07,312 WARN  [de.novabit.nucleus.client.common.DetailsSubFormController] Custom column widths should be used here.
2009-08-12 14:49:07,312 WARN  [de.novabit.nucleus.client.common.DetailsSubFormController] Custom column widths should be used here.
2009-08-12 14:49:07,343 WARN  [de.novabit.nucleus.client.common.DetailsSubFormController] Custom column widths should be used here.
2009-08-12 14:49:07,359 WARN  [de.novabit.nucleus.client.common.DetailsSubFormController] Custom column widths should be used here.
2009-08-12 14:49:16,812 WARN  [de.novabit.nucleus.client.common.DetailsSubFormController] Custom column widths should be used here.
