2009-08-14 07:11:12,078 INFO  [de.novabit.nucleus.client.main.StartUp] Client-Logging initialisiert.
2009-08-14 07:11:12,078 INFO  [de.novabit.nucleus.client.main.StartUp] Java-Version 1.6.0_10-rc2
2009-08-14 09:19:14,328 INFO  [de.novabit.nucleus.client.main.StartUp] Client-Logging initialisiert.
2009-08-14 09:19:14,328 INFO  [de.novabit.nucleus.client.main.StartUp] Java-Version 1.6.0_10-rc2
2009-08-14 09:19:36,187 ERROR [de.novabit.nucleus.client.main.MainController] Die Fenster der Explorerleiste konnten nicht wiederhergestellt werden.
de.novabit.common.exception.PreferencesException: Beim Lesen/Schreiben der Benutzereinstellungen ist ein Fehler aufgetreten.
	at de.novabit.common.PreferencesUtils.getSerializable(PreferencesUtils.java:401)
	at de.novabit.common.PreferencesUtils$SerializablePreferencesIO.get(PreferencesUtils.java:94)
	at de.novabit.common.PreferencesUtils.getGenericArrayOrNull(PreferencesUtils.java:125)
	at de.novabit.common.PreferencesUtils.getGenericArray(PreferencesUtils.java:143)
	at de.novabit.common.PreferencesUtils.getGenericList(PreferencesUtils.java:179)
	at de.novabit.common.PreferencesUtils.getSerializableList(PreferencesUtils.java:478)
	at de.novabit.nucleus.client.explorer.ExplorerController.restoreExplorerViewsFromPreferences(ExplorerController.java:524)
	at de.novabit.nucleus.client.main.MainController.<init>(MainController.java:403)
	at sun.reflect.NativeConstructorAccessorImpl.newInstance0(Native Method)
	at sun.reflect.NativeConstructorAccessorImpl.newInstance(NativeConstructorAccessorImpl.java:39)
	at sun.reflect.DelegatingConstructorAccessorImpl.newInstance(DelegatingConstructorAccessorImpl.java:27)
	at java.lang.reflect.Constructor.newInstance(Constructor.java:513)
	at de.novabit.nucleus.client.main.StartUp.createMainController(StartUp.java:276)
	at de.novabit.nucleus.client.main.StartUp.access$5(StartUp.java:266)
	at de.novabit.nucleus.client.main.StartUp$2$1.run(StartUp.java:193)
	at de.novabit.common.NovabitRunnableAdapter.run(NovabitRunnableAdapter.java:21)
	at de.novabit.common.ui.UIUtils.runCommand(UIUtils.java:625)
	at de.novabit.common.ui.UIUtils.runCommand(UIUtils.java:600)
	at de.novabit.common.ui.UIUtils.runCommand(UIUtils.java:647)
	at de.novabit.nucleus.client.main.StartUp$2.loginSuccessful(StartUp.java:186)
	at de.novabit.nucleus.client.login.LoginController.fireLoginSuccessful(LoginController.java:423)
	at de.novabit.nucleus.client.login.LoginController$2.propertyChange(LoginController.java:176)
	at java.beans.PropertyChangeSupport.firePropertyChange(PropertyChangeSupport.java:339)
	at java.beans.PropertyChangeSupport.firePropertyChange(PropertyChangeSupport.java:347)
	at java.beans.PropertyChangeSupport.firePropertyChange(PropertyChangeSupport.java:276)
	at java.awt.Component.firePropertyChange(Component.java:7961)
	at javax.swing.JOptionPane.setValue(JOptionPane.java:1945)
	at javax.swing.plaf.basic.BasicOptionPaneUI$ButtonActionListener.actionPerformed(BasicOptionPaneUI.java:1184)
	at javax.swing.AbstractButton.fireActionPerformed(AbstractButton.java:1995)
	at javax.swing.AbstractButton$Handler.actionPerformed(AbstractButton.java:2318)
	at javax.swing.DefaultButtonModel.fireActionPerformed(DefaultButtonModel.java:387)
	at javax.swing.DefaultButtonModel.setPressed(DefaultButtonModel.java:242)
	at javax.swing.AbstractButton.doClick(AbstractButton.java:357)
	at javax.swing.plaf.basic.BasicRootPaneUI$Actions.actionPerformed(BasicRootPaneUI.java:191)
	at javax.swing.SwingUtilities.notifyAction(SwingUtilities.java:1636)
	at javax.swing.JComponent.processKeyBinding(JComponent.java:2849)
	at javax.swing.KeyboardManager.fireBinding(KeyboardManager.java:267)
	at javax.swing.KeyboardManager.fireKeyboardAction(KeyboardManager.java:216)
	at javax.swing.JComponent.processKeyBindingsForAllComponents(JComponent.java:2926)
	at javax.swing.JComponent.processKeyBindings(JComponent.java:2918)
	at javax.swing.JComponent.processKeyEvent(JComponent.java:2812)
	at java.awt.Component.processEvent(Component.java:5911)
	at java.awt.Container.processEvent(Container.java:2023)
	at java.awt.Component.dispatchEventImpl(Component.java:4501)
	at java.awt.Container.dispatchEventImpl(Container.java:2081)
	at java.awt.Component.dispatchEvent(Component.java:4331)
	at java.awt.KeyboardFocusManager.redispatchEvent(KeyboardFocusManager.java:1848)
	at java.awt.DefaultKeyboardFocusManager.dispatchKeyEvent(DefaultKeyboardFocusManager.java:704)
	at java.awt.DefaultKeyboardFocusManager.preDispatchKeyEvent(DefaultKeyboardFocusManager.java:969)
	at java.awt.DefaultKeyboardFocusManager.typeAheadAssertions(DefaultKeyboardFocusManager.java:841)
	at java.awt.DefaultKeyboardFocusManager.dispatchEvent(DefaultKeyboardFocusManager.java:668)
	at java.awt.Component.dispatchEventImpl(Component.java:4373)
	at java.awt.Container.dispatchEventImpl(Container.java:2081)
	at java.awt.Window.dispatchEventImpl(Window.java:2458)
	at java.awt.Component.dispatchEvent(Component.java:4331)
	at java.awt.EventQueue.dispatchEvent(EventQueue.java:599)
	at java.awt.EventDispatchThread.pumpOneEventForFilters(EventDispatchThread.java:269)
	at java.awt.EventDispatchThread.pumpEventsForFilter(EventDispatchThread.java:184)
	at java.awt.EventDispatchThread.pumpEventsForHierarchy(EventDispatchThread.java:174)
	at java.awt.EventDispatchThread.pumpEvents(EventDispatchThread.java:169)
	at java.awt.EventDispatchThread.pumpEvents(EventDispatchThread.java:161)
	at java.awt.EventDispatchThread.run(EventDispatchThread.java:122)
Caused by: java.io.InvalidClassException: de.novabit.nucleus.server.genericobject.searchcondition.CollectableGenericObjectSearchExpression; incompatible types for field searchDeleted
	at java.io.ObjectStreamClass.matchFields(ObjectStreamClass.java:2203)
	at java.io.ObjectStreamClass.getReflector(ObjectStreamClass.java:2098)
	at java.io.ObjectStreamClass.initNonProxy(ObjectStreamClass.java:602)
	at java.io.ObjectInputStream.readNonProxyDesc(ObjectInputStream.java:1583)
	at java.io.ObjectInputStream.readClassDesc(ObjectInputStream.java:1496)
	at java.io.ObjectInputStream.readOrdinaryObject(ObjectInputStream.java:1732)
	at java.io.ObjectInputStream.readObject0(ObjectInputStream.java:1329)
	at java.io.ObjectInputStream.defaultReadFields(ObjectInputStream.java:1947)
	at java.io.ObjectInputStream.readSerialData(ObjectInputStream.java:1871)
	at java.io.ObjectInputStream.readOrdinaryObject(ObjectInputStream.java:1753)
	at java.io.ObjectInputStream.readObject0(ObjectInputStream.java:1329)
	at java.io.ObjectInputStream.readObject(ObjectInputStream.java:351)
	at de.novabit.common.PreferencesUtils.getSerializable(PreferencesUtils.java:397)
	... 61 more
2009-08-14 09:19:36,468 ERROR [de.novabit.common.ui.Errors] Runtime exception occured: 
de.novabit.common.exception.PreferencesException: Beim Lesen/Schreiben der Benutzereinstellungen ist ein Fehler aufgetreten.
	at de.novabit.common.PreferencesUtils.getSerializable(PreferencesUtils.java:401)
	at de.novabit.common.PreferencesUtils$SerializablePreferencesIO.get(PreferencesUtils.java:94)
	at de.novabit.common.PreferencesUtils.getGenericArrayOrNull(PreferencesUtils.java:125)
	at de.novabit.common.PreferencesUtils.getGenericArray(PreferencesUtils.java:143)
	at de.novabit.common.PreferencesUtils.getGenericList(PreferencesUtils.java:179)
	at de.novabit.common.PreferencesUtils.getSerializableList(PreferencesUtils.java:478)
	at de.novabit.nucleus.client.explorer.ExplorerController.restoreExplorerViewsFromPreferences(ExplorerController.java:524)
	at de.novabit.nucleus.client.main.MainController.<init>(MainController.java:403)
	at sun.reflect.NativeConstructorAccessorImpl.newInstance0(Native Method)
	at sun.reflect.NativeConstructorAccessorImpl.newInstance(NativeConstructorAccessorImpl.java:39)
	at sun.reflect.DelegatingConstructorAccessorImpl.newInstance(DelegatingConstructorAccessorImpl.java:27)
	at java.lang.reflect.Constructor.newInstance(Constructor.java:513)
	at de.novabit.nucleus.client.main.StartUp.createMainController(StartUp.java:276)
	at de.novabit.nucleus.client.main.StartUp.access$5(StartUp.java:266)
	at de.novabit.nucleus.client.main.StartUp$2$1.run(StartUp.java:193)
	at de.novabit.common.NovabitRunnableAdapter.run(NovabitRunnableAdapter.java:21)
	at de.novabit.common.ui.UIUtils.runCommand(UIUtils.java:625)
	at de.novabit.common.ui.UIUtils.runCommand(UIUtils.java:600)
	at de.novabit.common.ui.UIUtils.runCommand(UIUtils.java:647)
	at de.novabit.nucleus.client.main.StartUp$2.loginSuccessful(StartUp.java:186)
	at de.novabit.nucleus.client.login.LoginController.fireLoginSuccessful(LoginController.java:423)
	at de.novabit.nucleus.client.login.LoginController$2.propertyChange(LoginController.java:176)
	at java.beans.PropertyChangeSupport.firePropertyChange(PropertyChangeSupport.java:339)
	at java.beans.PropertyChangeSupport.firePropertyChange(PropertyChangeSupport.java:347)
	at java.beans.PropertyChangeSupport.firePropertyChange(PropertyChangeSupport.java:276)
	at java.awt.Component.firePropertyChange(Component.java:7961)
	at javax.swing.JOptionPane.setValue(JOptionPane.java:1945)
	at javax.swing.plaf.basic.BasicOptionPaneUI$ButtonActionListener.actionPerformed(BasicOptionPaneUI.java:1184)
	at javax.swing.AbstractButton.fireActionPerformed(AbstractButton.java:1995)
	at javax.swing.AbstractButton$Handler.actionPerformed(AbstractButton.java:2318)
	at javax.swing.DefaultButtonModel.fireActionPerformed(DefaultButtonModel.java:387)
	at javax.swing.DefaultButtonModel.setPressed(DefaultButtonModel.java:242)
	at javax.swing.AbstractButton.doClick(AbstractButton.java:357)
	at javax.swing.plaf.basic.BasicRootPaneUI$Actions.actionPerformed(BasicRootPaneUI.java:191)
	at javax.swing.SwingUtilities.notifyAction(SwingUtilities.java:1636)
	at javax.swing.JComponent.processKeyBinding(JComponent.java:2849)
	at javax.swing.KeyboardManager.fireBinding(KeyboardManager.java:267)
	at javax.swing.KeyboardManager.fireKeyboardAction(KeyboardManager.java:216)
	at javax.swing.JComponent.processKeyBindingsForAllComponents(JComponent.java:2926)
	at javax.swing.JComponent.processKeyBindings(JComponent.java:2918)
	at javax.swing.JComponent.processKeyEvent(JComponent.java:2812)
	at java.awt.Component.processEvent(Component.java:5911)
	at java.awt.Container.processEvent(Container.java:2023)
	at java.awt.Component.dispatchEventImpl(Component.java:4501)
	at java.awt.Container.dispatchEventImpl(Container.java:2081)
	at java.awt.Component.dispatchEvent(Component.java:4331)
	at java.awt.KeyboardFocusManager.redispatchEvent(KeyboardFocusManager.java:1848)
	at java.awt.DefaultKeyboardFocusManager.dispatchKeyEvent(DefaultKeyboardFocusManager.java:704)
	at java.awt.DefaultKeyboardFocusManager.preDispatchKeyEvent(DefaultKeyboardFocusManager.java:969)
	at java.awt.DefaultKeyboardFocusManager.typeAheadAssertions(DefaultKeyboardFocusManager.java:841)
	at java.awt.DefaultKeyboardFocusManager.dispatchEvent(DefaultKeyboardFocusManager.java:668)
	at java.awt.Component.dispatchEventImpl(Component.java:4373)
	at java.awt.Container.dispatchEventImpl(Container.java:2081)
	at java.awt.Window.dispatchEventImpl(Window.java:2458)
	at java.awt.Component.dispatchEvent(Component.java:4331)
	at java.awt.EventQueue.dispatchEvent(EventQueue.java:599)
	at java.awt.EventDispatchThread.pumpOneEventForFilters(EventDispatchThread.java:269)
	at java.awt.EventDispatchThread.pumpEventsForFilter(EventDispatchThread.java:184)
	at java.awt.EventDispatchThread.pumpEventsForHierarchy(EventDispatchThread.java:174)
	at java.awt.EventDispatchThread.pumpEvents(EventDispatchThread.java:169)
	at java.awt.EventDispatchThread.pumpEvents(EventDispatchThread.java:161)
	at java.awt.EventDispatchThread.run(EventDispatchThread.java:122)
Caused by: java.io.InvalidClassException: de.novabit.nucleus.server.genericobject.searchcondition.CollectableGenericObjectSearchExpression; incompatible types for field searchDeleted
	at java.io.ObjectStreamClass.matchFields(ObjectStreamClass.java:2203)
	at java.io.ObjectStreamClass.getReflector(ObjectStreamClass.java:2098)
	at java.io.ObjectStreamClass.initNonProxy(ObjectStreamClass.java:602)
	at java.io.ObjectInputStream.readNonProxyDesc(ObjectInputStream.java:1583)
	at java.io.ObjectInputStream.readClassDesc(ObjectInputStream.java:1496)
	at java.io.ObjectInputStream.readOrdinaryObject(ObjectInputStream.java:1732)
	at java.io.ObjectInputStream.readObject0(ObjectInputStream.java:1329)
	at java.io.ObjectInputStream.defaultReadFields(ObjectInputStream.java:1947)
	at java.io.ObjectInputStream.readSerialData(ObjectInputStream.java:1871)
	at java.io.ObjectInputStream.readOrdinaryObject(ObjectInputStream.java:1753)
	at java.io.ObjectInputStream.readObject0(ObjectInputStream.java:1329)
	at java.io.ObjectInputStream.readObject(ObjectInputStream.java:351)
	at de.novabit.common.PreferencesUtils.getSerializable(PreferencesUtils.java:397)
	... 61 more
2009-08-14 09:20:06,000 ERROR [de.novabit.common.ui.Errors] Runtime exception occured: 
de.novabit.common.exception.NovabitFatalException: CollectControllerFactory kann nicht erzeugt werden.
	at de.novabit.nucleus.client.common.NucleusCollectControllerFactory.newFactory(NucleusCollectControllerFactory.java:86)
	at de.novabit.nucleus.client.common.NucleusCollectControllerFactory.getInstance(NucleusCollectControllerFactory.java:72)
	at de.novabit.nucleus.client.main.MainController$42.run(MainController.java:1722)
	at de.novabit.common.NovabitRunnableAdapter.run(NovabitRunnableAdapter.java:21)
	at de.novabit.common.ui.UIUtils.runCommand(UIUtils.java:625)
	at de.novabit.common.ui.UIUtils.runCommand(UIUtils.java:600)
	at de.novabit.common.ui.UIUtils.runCommand(UIUtils.java:647)
	at de.novabit.nucleus.client.main.MainController.cmdCollectGenericObjects(MainController.java:1718)
	at de.novabit.nucleus.client.main.MainController.access$20(MainController.java:1717)
	at de.novabit.nucleus.client.main.MainController$37.actionPerformed(MainController.java:1153)
	at javax.swing.AbstractButton.fireActionPerformed(AbstractButton.java:1995)
	at javax.swing.AbstractButton$Handler.actionPerformed(AbstractButton.java:2318)
	at javax.swing.DefaultButtonModel.fireActionPerformed(DefaultButtonModel.java:387)
	at javax.swing.DefaultButtonModel.setPressed(DefaultButtonModel.java:242)
	at javax.swing.AbstractButton.doClick(AbstractButton.java:357)
	at javax.swing.AbstractButton.doClick(AbstractButton.java:337)
	at javax.swing.plaf.basic.BasicMenuItemUI$Actions.actionPerformed(BasicMenuItemUI.java:1194)
	at javax.swing.SwingUtilities.notifyAction(SwingUtilities.java:1636)
	at javax.swing.JComponent.processKeyBinding(JComponent.java:2849)
	at javax.swing.JMenuBar.processBindingForKeyStrokeRecursive(JMenuBar.java:670)
	at javax.swing.JMenuBar.processBindingForKeyStrokeRecursive(JMenuBar.java:678)
	at javax.swing.JMenuBar.processBindingForKeyStrokeRecursive(JMenuBar.java:678)
	at javax.swing.JMenuBar.processKeyBinding(JMenuBar.java:649)
	at javax.swing.KeyboardManager.fireBinding(KeyboardManager.java:267)
	at javax.swing.KeyboardManager.fireKeyboardAction(KeyboardManager.java:254)
	at javax.swing.JComponent.processKeyBindingsForAllComponents(JComponent.java:2926)
	at javax.swing.JComponent.processKeyBindings(JComponent.java:2918)
	at javax.swing.JComponent.processKeyEvent(JComponent.java:2812)
	at javax.swing.JComboBox.processKeyEvent(JComboBox.java:1397)
	at java.awt.Component.processEvent(Component.java:5911)
	at java.awt.Container.processEvent(Container.java:2023)
	at java.awt.Component.dispatchEventImpl(Component.java:4501)
	at java.awt.Container.dispatchEventImpl(Container.java:2081)
	at java.awt.Component.dispatchEvent(Component.java:4331)
	at java.awt.KeyboardFocusManager.redispatchEvent(KeyboardFocusManager.java:1848)
	at java.awt.DefaultKeyboardFocusManager.dispatchKeyEvent(DefaultKeyboardFocusManager.java:704)
	at java.awt.DefaultKeyboardFocusManager.preDispatchKeyEvent(DefaultKeyboardFocusManager.java:969)
	at java.awt.DefaultKeyboardFocusManager.typeAheadAssertions(DefaultKeyboardFocusManager.java:841)
	at java.awt.DefaultKeyboardFocusManager.dispatchEvent(DefaultKeyboardFocusManager.java:668)
	at java.awt.Component.dispatchEventImpl(Component.java:4373)
	at java.awt.Container.dispatchEventImpl(Container.java:2081)
	at java.awt.Window.dispatchEventImpl(Window.java:2458)
	at java.awt.Component.dispatchEvent(Component.java:4331)
	at java.awt.EventQueue.dispatchEvent(EventQueue.java:599)
	at java.awt.EventDispatchThread.pumpOneEventForFilters(EventDispatchThread.java:269)
	at java.awt.EventDispatchThread.pumpEventsForFilter(EventDispatchThread.java:184)
	at java.awt.EventDispatchThread.pumpEventsForHierarchy(EventDispatchThread.java:174)
	at java.awt.EventDispatchThread.pumpEvents(EventDispatchThread.java:169)
	at java.awt.EventDispatchThread.pumpEvents(EventDispatchThread.java:161)
	at java.awt.EventDispatchThread.run(EventDispatchThread.java:122)
Caused by: java.lang.ClassNotFoundException: de.novabit.noa.client.NoaCollectControllerFactory
	at java.net.URLClassLoader$1.run(URLClassLoader.java:200)
	at java.security.AccessController.doPrivileged(Native Method)
	at java.net.URLClassLoader.findClass(URLClassLoader.java:188)
	at java.lang.ClassLoader.loadClass(ClassLoader.java:307)
	at sun.misc.Launcher$AppClassLoader.loadClass(Launcher.java:301)
	at java.lang.ClassLoader.loadClass(ClassLoader.java:252)
	at java.lang.ClassLoader.loadClassInternal(ClassLoader.java:320)
	at java.lang.Class.forName0(Native Method)
	at java.lang.Class.forName(Class.java:169)
	at de.novabit.nucleus.client.common.NucleusCollectControllerFactory.newFactory(NucleusCollectControllerFactory.java:83)
	... 49 more
2009-08-14 09:21:17,421 INFO  [de.novabit.nucleus.client.main.StartUp] Client-Logging initialisiert.
2009-08-14 09:21:17,421 INFO  [de.novabit.nucleus.client.main.StartUp] Java-Version 1.6.0_10-rc2
2009-08-14 11:40:13,093 INFO  [de.novabit.nucleus.client.main.StartUp] Client-Logging initialisiert.
2009-08-14 11:40:13,093 INFO  [de.novabit.nucleus.client.main.StartUp] Java-Version 1.6.0_10-rc2
2009-08-14 11:41:21,812 INFO  [de.novabit.nucleus.client.main.StartUp] Client-Logging initialisiert.
2009-08-14 11:41:21,812 INFO  [de.novabit.nucleus.client.main.StartUp] Java-Version 1.6.0_10-rc2
2009-08-14 11:41:33,968 ERROR [de.novabit.common.ui.Errors] Runtime exception occured: 
java.lang.NullPointerException
	at javax.swing.ImageIcon.<init>(ImageIcon.java:167)
	at de.novabit.nucleus.client.NucleusIcons.getImageIcon(NucleusIcons.java:154)
	at de.novabit.nucleus.client.NucleusIcons.getCachedImageIcon(NucleusIcons.java:147)
	at de.novabit.nucleus.client.NucleusIcons.getIconCustomer(NucleusIcons.java:60)
	at de.novabit.nucleus.client.login.LoginPanel.<init>(LoginPanel.java:28)
	at de.novabit.nucleus.client.login.LoginController.<init>(LoginController.java:68)
	at de.novabit.nucleus.client.main.StartUp.createGUI(StartUp.java:171)
	at de.novabit.nucleus.client.main.StartUp.access$0(StartUp.java:166)
	at de.novabit.nucleus.client.main.StartUp$1.run(StartUp.java:108)
	at java.awt.event.InvocationEvent.dispatch(InvocationEvent.java:209)
	at java.awt.EventQueue.dispatchEvent(EventQueue.java:597)
	at java.awt.EventDispatchThread.pumpOneEventForFilters(EventDispatchThread.java:269)
	at java.awt.EventDispatchThread.pumpEventsForFilter(EventDispatchThread.java:184)
	at java.awt.EventDispatchThread.pumpEventsForHierarchy(EventDispatchThread.java:174)
	at java.awt.EventDispatchThread.pumpEvents(EventDispatchThread.java:169)
	at java.awt.EventDispatchThread.pumpEvents(EventDispatchThread.java:161)
	at java.awt.EventDispatchThread.run(EventDispatchThread.java:122)
2009-08-14 11:42:03,875 INFO  [de.novabit.nucleus.client.main.StartUp] Client-Logging initialisiert.
2009-08-14 11:42:03,875 INFO  [de.novabit.nucleus.client.main.StartUp] Java-Version 1.6.0_10-rc2
2009-08-14 11:42:04,578 ERROR [de.novabit.common.ui.Errors] Runtime exception occured: 
java.lang.NullPointerException
	at javax.swing.ImageIcon.<init>(ImageIcon.java:167)
	at de.novabit.nucleus.client.NucleusIcons.getImageIcon(NucleusIcons.java:154)
	at de.novabit.nucleus.client.NucleusIcons.getCachedImageIcon(NucleusIcons.java:147)
	at de.novabit.nucleus.client.NucleusIcons.getIconCustomer(NucleusIcons.java:60)
	at de.novabit.nucleus.client.login.LoginPanel.<init>(LoginPanel.java:28)
	at de.novabit.nucleus.client.login.LoginController.<init>(LoginController.java:68)
	at de.novabit.nucleus.client.main.StartUp.createGUI(StartUp.java:171)
	at de.novabit.nucleus.client.main.StartUp.access$0(StartUp.java:166)
	at de.novabit.nucleus.client.main.StartUp$1.run(StartUp.java:108)
	at java.awt.event.InvocationEvent.dispatch(InvocationEvent.java:209)
	at java.awt.EventQueue.dispatchEvent(EventQueue.java:597)
	at java.awt.EventDispatchThread.pumpOneEventForFilters(EventDispatchThread.java:269)
	at java.awt.EventDispatchThread.pumpEventsForFilter(EventDispatchThread.java:184)
	at java.awt.EventDispatchThread.pumpEventsForHierarchy(EventDispatchThread.java:174)
	at java.awt.EventDispatchThread.pumpEvents(EventDispatchThread.java:169)
	at java.awt.EventDispatchThread.pumpEvents(EventDispatchThread.java:161)
	at java.awt.EventDispatchThread.run(EventDispatchThread.java:122)
2009-08-14 11:42:51,000 INFO  [de.novabit.nucleus.client.main.StartUp] Client-Logging initialisiert.
2009-08-14 11:42:51,000 INFO  [de.novabit.nucleus.client.main.StartUp] Java-Version 1.6.0_10-rc2
2009-08-14 11:46:14,546 ERROR [de.novabit.common.ui.Errors] Runtime exception occured: 
java.lang.NullPointerException
	at javax.swing.ImageIcon.<init>(ImageIcon.java:167)
	at de.novabit.nucleus.client.NucleusIcons.getImageIcon(NucleusIcons.java:154)
	at de.novabit.nucleus.client.NucleusIcons.getCachedImageIcon(NucleusIcons.java:147)
	at de.novabit.nucleus.client.NucleusIcons.getIconCustomer(NucleusIcons.java:60)
	at de.novabit.nucleus.client.login.LoginPanel.<init>(LoginPanel.java:28)
	at de.novabit.nucleus.client.login.LoginController.<init>(LoginController.java:68)
	at de.novabit.nucleus.client.main.StartUp.createGUI(StartUp.java:171)
	at de.novabit.nucleus.client.main.StartUp.access$0(StartUp.java:166)
	at de.novabit.nucleus.client.main.StartUp$1.run(StartUp.java:108)
	at java.awt.event.InvocationEvent.dispatch(InvocationEvent.java:209)
	at java.awt.EventQueue.dispatchEvent(EventQueue.java:597)
	at java.awt.EventDispatchThread.pumpOneEventForFilters(EventDispatchThread.java:269)
	at java.awt.EventDispatchThread.pumpEventsForFilter(EventDispatchThread.java:184)
	at java.awt.EventDispatchThread.pumpEventsForHierarchy(EventDispatchThread.java:174)
	at java.awt.EventDispatchThread.pumpEvents(EventDispatchThread.java:169)
	at java.awt.EventDispatchThread.pumpEvents(EventDispatchThread.java:161)
	at java.awt.EventDispatchThread.run(EventDispatchThread.java:122)
2009-08-14 11:46:26,390 INFO  [de.novabit.nucleus.client.main.StartUp] Client-Logging initialisiert.
2009-08-14 11:46:26,390 INFO  [de.novabit.nucleus.client.main.StartUp] Java-Version 1.6.0_10-rc2
2009-08-14 11:46:42,359 INFO  [de.novabit.nucleus.client.main.StartUp] Client-Logging initialisiert.
2009-08-14 11:46:42,359 INFO  [de.novabit.nucleus.client.main.StartUp] Java-Version 1.6.0_10-rc2
2009-08-14 11:47:41,828 INFO  [de.novabit.nucleus.client.main.StartUp] Client-Logging initialisiert.
2009-08-14 11:47:41,828 INFO  [de.novabit.nucleus.client.main.StartUp] Java-Version 1.6.0_10-rc2
2009-08-14 11:48:45,203 INFO  [de.novabit.nucleus.client.main.StartUp] Client-Logging initialisiert.
2009-08-14 11:48:45,203 INFO  [de.novabit.nucleus.client.main.StartUp] Java-Version 1.6.0_10-rc2
2009-08-14 11:51:20,234 INFO  [de.novabit.nucleus.client.main.StartUp] Client-Logging initialisiert.
2009-08-14 11:51:20,234 INFO  [de.novabit.nucleus.client.main.StartUp] Java-Version 1.6.0_10-rc2
2009-08-14 11:52:07,781 INFO  [de.novabit.nucleus.client.main.StartUp] Client-Logging initialisiert.
2009-08-14 11:52:07,781 INFO  [de.novabit.nucleus.client.main.StartUp] Java-Version 1.6.0_10-rc2
2009-08-14 11:52:44,390 ERROR [de.novabit.common.ui.Errors] Runtime exception occured: 
javax.security.auth.login.LoginException: Sie haben kein Recht, Nucleus zu starten.
Bitte wenden Sie sich an den zust채ndigen Administrator, um die Berechtigung zu erhalten.
	at de.novabit.nucleus.common.security.NucleusClientLoginModule.loginOnServer(NucleusClientLoginModule.java:62)
	at de.novabit.common.security.JBossClientLoginModule.login(JBossClientLoginModule.java:144)
	at sun.reflect.NativeMethodAccessorImpl.invoke0(Native Method)
	at sun.reflect.NativeMethodAccessorImpl.invoke(NativeMethodAccessorImpl.java:39)
	at sun.reflect.DelegatingMethodAccessorImpl.invoke(DelegatingMethodAccessorImpl.java:25)
	at java.lang.reflect.Method.invoke(Method.java:597)
	at javax.security.auth.login.LoginContext.invoke(LoginContext.java:769)
	at javax.security.auth.login.LoginContext.access$000(LoginContext.java:186)
	at javax.security.auth.login.LoginContext$4.run(LoginContext.java:683)
	at java.security.AccessController.doPrivileged(Native Method)
	at javax.security.auth.login.LoginContext.invokePriv(LoginContext.java:680)
	at javax.security.auth.login.LoginContext.login(LoginContext.java:579)
	at de.novabit.common.security.JBossServerSession.<init>(JBossServerSession.java:42)
	at de.novabit.nucleus.common.security.NucleusServerSession.<init>(NucleusServerSession.java:24)
	at de.novabit.nucleus.client.login.LoginController.performLogin(LoginController.java:376)
	at de.novabit.nucleus.client.login.LoginController.cmdPerformLogin(LoginController.java:287)
	at de.novabit.nucleus.client.login.LoginController.access$1(LoginController.java:262)
	at de.novabit.nucleus.client.login.LoginController$2.propertyChange(LoginController.java:172)
	at java.beans.PropertyChangeSupport.firePropertyChange(PropertyChangeSupport.java:339)
	at java.beans.PropertyChangeSupport.firePropertyChange(PropertyChangeSupport.java:347)
	at java.beans.PropertyChangeSupport.firePropertyChange(PropertyChangeSupport.java:276)
	at java.awt.Component.firePropertyChange(Component.java:7961)
	at javax.swing.JOptionPane.setValue(JOptionPane.java:1945)
	at javax.swing.plaf.basic.BasicOptionPaneUI$ButtonActionListener.actionPerformed(BasicOptionPaneUI.java:1184)
	at javax.swing.AbstractButton.fireActionPerformed(AbstractButton.java:1995)
	at javax.swing.AbstractButton$Handler.actionPerformed(AbstractButton.java:2318)
	at javax.swing.DefaultButtonModel.fireActionPerformed(DefaultButtonModel.java:387)
	at javax.swing.DefaultButtonModel.setPressed(DefaultButtonModel.java:242)
	at javax.swing.plaf.basic.BasicButtonListener.mouseReleased(BasicButtonListener.java:236)
	at java.awt.Component.processMouseEvent(Component.java:6134)
	at javax.swing.JComponent.processMouseEvent(JComponent.java:3265)
	at java.awt.Component.processEvent(Component.java:5899)
	at java.awt.Container.processEvent(Container.java:2023)
	at java.awt.Component.dispatchEventImpl(Component.java:4501)
	at java.awt.Container.dispatchEventImpl(Container.java:2081)
	at java.awt.Component.dispatchEvent(Component.java:4331)
	at java.awt.LightweightDispatcher.retargetMouseEvent(Container.java:4301)
	at java.awt.LightweightDispatcher.processMouseEvent(Container.java:3965)
	at java.awt.LightweightDispatcher.dispatchEvent(Container.java:3895)
	at java.awt.Container.dispatchEventImpl(Container.java:2067)
	at java.awt.Window.dispatchEventImpl(Window.java:2458)
	at java.awt.Component.dispatchEvent(Component.java:4331)
	at java.awt.EventQueue.dispatchEvent(EventQueue.java:599)
	at java.awt.EventDispatchThread.pumpOneEventForFilters(EventDispatchThread.java:269)
	at java.awt.EventDispatchThread.pumpEventsForFilter(EventDispatchThread.java:184)
	at java.awt.EventDispatchThread.pumpEventsForHierarchy(EventDispatchThread.java:174)
	at java.awt.EventDispatchThread.pumpEvents(EventDispatchThread.java:169)
	at java.awt.EventDispatchThread.pumpEvents(EventDispatchThread.java:161)
	at java.awt.EventDispatchThread.run(EventDispatchThread.java:122)
2009-08-14 11:52:56,609 WARN  [de.novabit.common.ServiceLocator] Discarding ServiceLocator/InitialContext.
2009-08-14 11:52:56,781 ERROR [de.novabit.common.ui.Errors] Runtime exception occured: 
javax.security.auth.login.LoginException: Benutzername/Kennwort ung체ltig.
	at de.novabit.nucleus.server.common.security.NucleusDefaultLoginModule.checkDBPassword(NucleusDefaultLoginModule.java:90)
	at de.novabit.nucleus.server.common.security.NucleusDefaultLoginModule.performLoginCheck(NucleusDefaultLoginModule.java:42)
	at de.novabit.nucleus.server.common.security.NucleusAbstractLoginModule.login(NucleusAbstractLoginModule.java:58)
	at sun.reflect.NativeMethodAccessorImpl.invoke0(Native Method)
	at sun.reflect.NativeMethodAccessorImpl.invoke(NativeMethodAccessorImpl.java:39)
	at sun.reflect.DelegatingMethodAccessorImpl.invoke(DelegatingMethodAccessorImpl.java:25)
	at java.lang.reflect.Method.invoke(Method.java:597)
	at javax.security.auth.login.LoginContext.invoke(LoginContext.java:769)
	at javax.security.auth.login.LoginContext.access$000(LoginContext.java:186)
	at javax.security.auth.login.LoginContext$4.run(LoginContext.java:683)
	at java.security.AccessController.doPrivileged(Native Method)
	at javax.security.auth.login.LoginContext.invokePriv(LoginContext.java:680)
	at javax.security.auth.login.LoginContext.login(LoginContext.java:579)
	at org.jboss.security.plugins.JaasSecurityManager.defaultLogin(JaasSecurityManager.java:572)
	at org.jboss.security.plugins.JaasSecurityManager.authenticate(JaasSecurityManager.java:506)
	at org.jboss.security.plugins.JaasSecurityManager.isValid(JaasSecurityManager.java:315)
	at org.jboss.ejb.plugins.SecurityInterceptor.checkSecurityAssociation(SecurityInterceptor.java:196)
	at org.jboss.ejb.plugins.SecurityInterceptor.invokeHome(SecurityInterceptor.java:120)
	at org.jboss.ejb.plugins.LogInterceptor.invokeHome(LogInterceptor.java:121)
	at org.jboss.ejb.plugins.AbstractInterceptor.invokeHome(AbstractInterceptor.java:90)
	at org.jboss.ejb.plugins.ProxyFactoryFinderInterceptor.invokeHome(ProxyFactoryFinderInterceptor.java:93)
	at org.jboss.ejb.SessionContainer.internalInvokeHome(SessionContainer.java:613)
	at org.jboss.ejb.Container.invoke(Container.java:894)
	at sun.reflect.NativeMethodAccessorImpl.invoke0(Native Method)
	at sun.reflect.NativeMethodAccessorImpl.invoke(NativeMethodAccessorImpl.java:39)
	at sun.reflect.DelegatingMethodAccessorImpl.invoke(DelegatingMethodAccessorImpl.java:25)
	at java.lang.reflect.Method.invoke(Method.java:597)
	at org.jboss.mx.interceptor.ReflectedDispatcher.invoke(ReflectedDispatcher.java:141)
	at org.jboss.mx.server.Invocation.dispatch(Invocation.java:80)
	at org.jboss.mx.server.Invocation.invoke(Invocation.java:72)
	at org.jboss.mx.server.AbstractMBeanInvoker.invoke(AbstractMBeanInvoker.java:245)
	at org.jboss.mx.server.MBeanServerImpl.invoke(MBeanServerImpl.java:644)
	at org.jboss.invocation.jrmp.server.JRMPInvoker$MBeanServerAction.invoke(JRMPInvoker.java:805)
	at org.jboss.invocation.jrmp.server.JRMPInvoker.invoke(JRMPInvoker.java:406)
	at sun.reflect.GeneratedMethodAccessor80.invoke(Unknown Source)
	at sun.reflect.DelegatingMethodAccessorImpl.invoke(DelegatingMethodAccessorImpl.java:25)
	at java.lang.reflect.Method.invoke(Method.java:597)
	at sun.rmi.server.UnicastServerRef.dispatch(UnicastServerRef.java:305)
	at sun.rmi.transport.Transport$1.run(Transport.java:159)
	at java.security.AccessController.doPrivileged(Native Method)
	at sun.rmi.transport.Transport.serviceCall(Transport.java:155)
	at sun.rmi.transport.tcp.TCPTransport.handleMessages(TCPTransport.java:535)
	at sun.rmi.transport.tcp.TCPTransport$ConnectionHandler.run0(TCPTransport.java:790)
	at sun.rmi.transport.tcp.TCPTransport$ConnectionHandler.run(TCPTransport.java:649)
	at java.util.concurrent.ThreadPoolExecutor$Worker.runTask(ThreadPoolExecutor.java:886)
	at java.util.concurrent.ThreadPoolExecutor$Worker.run(ThreadPoolExecutor.java:908)
	at java.lang.Thread.run(Thread.java:619)
2009-08-14 11:53:46,734 INFO  [de.novabit.nucleus.client.main.StartUp] Client-Logging initialisiert.
2009-08-14 11:53:46,734 INFO  [de.novabit.nucleus.client.main.StartUp] Java-Version 1.6.0_10-rc2
2009-08-14 11:53:49,953 ERROR [de.novabit.common.ui.Errors] Runtime exception occured: 
javax.security.auth.login.LoginException: Sie haben kein Recht, Nucleus zu starten.
Bitte wenden Sie sich an den zust채ndigen Administrator, um die Berechtigung zu erhalten.
	at de.novabit.nucleus.common.security.NucleusClientLoginModule.loginOnServer(NucleusClientLoginModule.java:62)
	at de.novabit.common.security.JBossClientLoginModule.login(JBossClientLoginModule.java:144)
	at sun.reflect.NativeMethodAccessorImpl.invoke0(Native Method)
	at sun.reflect.NativeMethodAccessorImpl.invoke(NativeMethodAccessorImpl.java:39)
	at sun.reflect.DelegatingMethodAccessorImpl.invoke(DelegatingMethodAccessorImpl.java:25)
	at java.lang.reflect.Method.invoke(Method.java:597)
	at javax.security.auth.login.LoginContext.invoke(LoginContext.java:769)
	at javax.security.auth.login.LoginContext.access$000(LoginContext.java:186)
	at javax.security.auth.login.LoginContext$4.run(LoginContext.java:683)
	at java.security.AccessController.doPrivileged(Native Method)
	at javax.security.auth.login.LoginContext.invokePriv(LoginContext.java:680)
	at javax.security.auth.login.LoginContext.login(LoginContext.java:579)
	at de.novabit.common.security.JBossServerSession.<init>(JBossServerSession.java:42)
	at de.novabit.nucleus.common.security.NucleusServerSession.<init>(NucleusServerSession.java:24)
	at de.novabit.nucleus.client.login.LoginController.performLogin(LoginController.java:376)
	at de.novabit.nucleus.client.login.LoginController.cmdPerformLogin(LoginController.java:287)
	at de.novabit.nucleus.client.login.LoginController.access$1(LoginController.java:262)
	at de.novabit.nucleus.client.login.LoginController$2.propertyChange(LoginController.java:172)
	at java.beans.PropertyChangeSupport.firePropertyChange(PropertyChangeSupport.java:339)
	at java.beans.PropertyChangeSupport.firePropertyChange(PropertyChangeSupport.java:347)
	at java.beans.PropertyChangeSupport.firePropertyChange(PropertyChangeSupport.java:276)
	at java.awt.Component.firePropertyChange(Component.java:7961)
	at javax.swing.JOptionPane.setValue(JOptionPane.java:1945)
	at javax.swing.plaf.basic.BasicOptionPaneUI$ButtonActionListener.actionPerformed(BasicOptionPaneUI.java:1184)
	at javax.swing.AbstractButton.fireActionPerformed(AbstractButton.java:1995)
	at javax.swing.AbstractButton$Handler.actionPerformed(AbstractButton.java:2318)
	at javax.swing.DefaultButtonModel.fireActionPerformed(DefaultButtonModel.java:387)
	at javax.swing.DefaultButtonModel.setPressed(DefaultButtonModel.java:242)
	at javax.swing.plaf.basic.BasicButtonListener.mouseReleased(BasicButtonListener.java:236)
	at java.awt.Component.processMouseEvent(Component.java:6134)
	at javax.swing.JComponent.processMouseEvent(JComponent.java:3265)
	at java.awt.Component.processEvent(Component.java:5899)
	at java.awt.Container.processEvent(Container.java:2023)
	at java.awt.Component.dispatchEventImpl(Component.java:4501)
	at java.awt.Container.dispatchEventImpl(Container.java:2081)
	at java.awt.Component.dispatchEvent(Component.java:4331)
	at java.awt.LightweightDispatcher.retargetMouseEvent(Container.java:4301)
	at java.awt.LightweightDispatcher.processMouseEvent(Container.java:3965)
	at java.awt.LightweightDispatcher.dispatchEvent(Container.java:3895)
	at java.awt.Container.dispatchEventImpl(Container.java:2067)
	at java.awt.Window.dispatchEventImpl(Window.java:2458)
	at java.awt.Component.dispatchEvent(Component.java:4331)
	at java.awt.EventQueue.dispatchEvent(EventQueue.java:599)
	at java.awt.EventDispatchThread.pumpOneEventForFilters(EventDispatchThread.java:269)
	at java.awt.EventDispatchThread.pumpEventsForFilter(EventDispatchThread.java:184)
	at java.awt.EventDispatchThread.pumpEventsForHierarchy(EventDispatchThread.java:174)
	at java.awt.EventDispatchThread.pumpEvents(EventDispatchThread.java:169)
	at java.awt.EventDispatchThread.pumpEvents(EventDispatchThread.java:161)
	at java.awt.EventDispatchThread.run(EventDispatchThread.java:122)
2009-08-14 11:54:04,093 WARN  [de.novabit.common.ServiceLocator] Discarding ServiceLocator/InitialContext.
2009-08-14 11:54:04,312 ERROR [de.novabit.common.ui.Errors] Runtime exception occured: 
javax.security.auth.login.LoginException: Benutzername/Kennwort ung체ltig.
	at de.novabit.nucleus.server.common.security.NucleusDefaultLoginModule.checkDBPassword(NucleusDefaultLoginModule.java:90)
	at de.novabit.nucleus.server.common.security.NucleusDefaultLoginModule.performLoginCheck(NucleusDefaultLoginModule.java:42)
	at de.novabit.nucleus.server.common.security.NucleusAbstractLoginModule.login(NucleusAbstractLoginModule.java:58)
	at sun.reflect.NativeMethodAccessorImpl.invoke0(Native Method)
	at sun.reflect.NativeMethodAccessorImpl.invoke(NativeMethodAccessorImpl.java:39)
	at sun.reflect.DelegatingMethodAccessorImpl.invoke(DelegatingMethodAccessorImpl.java:25)
	at java.lang.reflect.Method.invoke(Method.java:597)
	at javax.security.auth.login.LoginContext.invoke(LoginContext.java:769)
	at javax.security.auth.login.LoginContext.access$000(LoginContext.java:186)
	at javax.security.auth.login.LoginContext$4.run(LoginContext.java:683)
	at java.security.AccessController.doPrivileged(Native Method)
	at javax.security.auth.login.LoginContext.invokePriv(LoginContext.java:680)
	at javax.security.auth.login.LoginContext.login(LoginContext.java:579)
	at org.jboss.security.plugins.JaasSecurityManager.defaultLogin(JaasSecurityManager.java:572)
	at org.jboss.security.plugins.JaasSecurityManager.authenticate(JaasSecurityManager.java:506)
	at org.jboss.security.plugins.JaasSecurityManager.isValid(JaasSecurityManager.java:315)
	at org.jboss.ejb.plugins.SecurityInterceptor.checkSecurityAssociation(SecurityInterceptor.java:196)
	at org.jboss.ejb.plugins.SecurityInterceptor.invokeHome(SecurityInterceptor.java:120)
	at org.jboss.ejb.plugins.LogInterceptor.invokeHome(LogInterceptor.java:121)
	at org.jboss.ejb.plugins.AbstractInterceptor.invokeHome(AbstractInterceptor.java:90)
	at org.jboss.ejb.plugins.ProxyFactoryFinderInterceptor.invokeHome(ProxyFactoryFinderInterceptor.java:93)
	at org.jboss.ejb.SessionContainer.internalInvokeHome(SessionContainer.java:613)
	at org.jboss.ejb.Container.invoke(Container.java:894)
	at sun.reflect.NativeMethodAccessorImpl.invoke0(Native Method)
	at sun.reflect.NativeMethodAccessorImpl.invoke(NativeMethodAccessorImpl.java:39)
	at sun.reflect.DelegatingMethodAccessorImpl.invoke(DelegatingMethodAccessorImpl.java:25)
	at java.lang.reflect.Method.invoke(Method.java:597)
	at org.jboss.mx.interceptor.ReflectedDispatcher.invoke(ReflectedDispatcher.java:141)
	at org.jboss.mx.server.Invocation.dispatch(Invocation.java:80)
	at org.jboss.mx.server.Invocation.invoke(Invocation.java:72)
	at org.jboss.mx.server.AbstractMBeanInvoker.invoke(AbstractMBeanInvoker.java:245)
	at org.jboss.mx.server.MBeanServerImpl.invoke(MBeanServerImpl.java:644)
	at org.jboss.invocation.jrmp.server.JRMPInvoker$MBeanServerAction.invoke(JRMPInvoker.java:805)
	at org.jboss.invocation.jrmp.server.JRMPInvoker.invoke(JRMPInvoker.java:406)
	at sun.reflect.GeneratedMethodAccessor86.invoke(Unknown Source)
	at sun.reflect.DelegatingMethodAccessorImpl.invoke(DelegatingMethodAccessorImpl.java:25)
	at java.lang.reflect.Method.invoke(Method.java:597)
	at sun.rmi.server.UnicastServerRef.dispatch(UnicastServerRef.java:305)
	at sun.rmi.transport.Transport$1.run(Transport.java:159)
	at java.security.AccessController.doPrivileged(Native Method)
	at sun.rmi.transport.Transport.serviceCall(Transport.java:155)
	at sun.rmi.transport.tcp.TCPTransport.handleMessages(TCPTransport.java:535)
	at sun.rmi.transport.tcp.TCPTransport$ConnectionHandler.run0(TCPTransport.java:790)
	at sun.rmi.transport.tcp.TCPTransport$ConnectionHandler.run(TCPTransport.java:649)
	at java.util.concurrent.ThreadPoolExecutor$Worker.runTask(ThreadPoolExecutor.java:886)
	at java.util.concurrent.ThreadPoolExecutor$Worker.run(ThreadPoolExecutor.java:908)
	at java.lang.Thread.run(Thread.java:619)
2009-08-14 11:56:18,062 INFO  [de.novabit.nucleus.client.main.StartUp] Client-Logging initialisiert.
2009-08-14 11:56:18,062 INFO  [de.novabit.nucleus.client.main.StartUp] Java-Version 1.6.0_10-rc2
2009-08-14 11:56:56,109 INFO  [de.novabit.nucleus.client.main.StartUp] Client-Logging initialisiert.
2009-08-14 11:56:56,109 INFO  [de.novabit.nucleus.client.main.StartUp] Java-Version 1.6.0_10-rc2
2009-08-14 12:06:17,984 INFO  [de.novabit.nucleus.client.main.StartUp] Client-Logging initialisiert.
2009-08-14 12:06:17,984 INFO  [de.novabit.nucleus.client.main.StartUp] Java-Version 1.6.0_10-rc2
2009-08-14 12:07:17,656 INFO  [de.novabit.nucleus.client.main.StartUp] Client-Logging initialisiert.
2009-08-14 12:07:17,656 INFO  [de.novabit.nucleus.client.main.StartUp] Java-Version 1.6.0_10-rc2
2009-08-14 12:08:18,640 INFO  [de.novabit.nucleus.client.main.StartUp] Client-Logging initialisiert.
2009-08-14 12:08:18,640 INFO  [de.novabit.nucleus.client.main.StartUp] Java-Version 1.6.0_10-rc2
2009-08-14 12:13:01,328 INFO  [de.novabit.nucleus.client.main.StartUp] Client-Logging initialisiert.
2009-08-14 12:13:01,328 INFO  [de.novabit.nucleus.client.main.StartUp] Java-Version 1.6.0_10-rc2
2009-08-14 12:15:27,796 INFO  [de.novabit.nucleus.client.main.StartUp] Client-Logging initialisiert.
2009-08-14 12:15:27,796 INFO  [de.novabit.nucleus.client.main.StartUp] Java-Version 1.6.0_10-rc2
2009-08-14 12:15:54,250 INFO  [de.novabit.nucleus.client.main.StartUp] Client-Logging initialisiert.
2009-08-14 12:15:54,250 INFO  [de.novabit.nucleus.client.main.StartUp] Java-Version 1.6.0_10-rc2
2009-08-14 12:16:29,906 INFO  [de.novabit.nucleus.client.main.StartUp] Client-Logging initialisiert.
2009-08-14 12:16:29,906 INFO  [de.novabit.nucleus.client.main.StartUp] Java-Version 1.6.0_10-rc2
2009-08-14 12:17:49,578 INFO  [de.novabit.nucleus.client.main.StartUp] Client-Logging initialisiert.
2009-08-14 12:17:49,578 INFO  [de.novabit.nucleus.client.main.StartUp] Java-Version 1.6.0_10-rc2
2009-08-14 12:18:23,218 INFO  [de.novabit.nucleus.client.main.StartUp] Client-Logging initialisiert.
2009-08-14 12:18:23,218 INFO  [de.novabit.nucleus.client.main.StartUp] Java-Version 1.6.0_10-rc2
2009-08-14 12:18:55,578 INFO  [de.novabit.nucleus.client.main.StartUp] Client-Logging initialisiert.
2009-08-14 12:18:55,578 INFO  [de.novabit.nucleus.client.main.StartUp] Java-Version 1.6.0_10-rc2
2009-08-14 12:21:26,015 INFO  [de.novabit.nucleus.client.main.StartUp] Client-Logging initialisiert.
2009-08-14 12:21:26,015 INFO  [de.novabit.nucleus.client.main.StartUp] Java-Version 1.6.0_10-rc2
2009-08-14 12:21:49,093 INFO  [de.novabit.nucleus.client.main.StartUp] Client-Logging initialisiert.
2009-08-14 12:21:49,093 INFO  [de.novabit.nucleus.client.main.StartUp] Java-Version 1.6.0_10-rc2
2009-08-14 12:23:27,281 INFO  [de.novabit.nucleus.client.main.StartUp] Client-Logging initialisiert.
2009-08-14 12:23:27,281 INFO  [de.novabit.nucleus.client.main.StartUp] Java-Version 1.6.0_10-rc2
2009-08-14 12:23:46,812 INFO  [de.novabit.nucleus.client.main.StartUp] Client-Logging initialisiert.
2009-08-14 12:23:46,812 INFO  [de.novabit.nucleus.client.main.StartUp] Java-Version 1.6.0_10-rc2
2009-08-14 12:32:17,031 INFO  [de.novabit.nucleus.client.main.StartUp] Client-Logging initialisiert.
2009-08-14 12:32:17,031 INFO  [de.novabit.nucleus.client.main.StartUp] Java-Version 1.6.0_10-rc2
2009-08-14 12:36:24,515 INFO  [de.novabit.nucleus.client.main.StartUp] Client-Logging initialisiert.
2009-08-14 12:36:24,515 INFO  [de.novabit.nucleus.client.main.StartUp] Java-Version 1.6.0_10-rc2
2009-08-14 12:45:48,484 INFO  [de.novabit.nucleus.client.main.StartUp] Client-Logging initialisiert.
2009-08-14 12:45:48,484 INFO  [de.novabit.nucleus.client.main.StartUp] Java-Version 1.6.0_10-rc2
2009-08-14 12:46:12,171 INFO  [de.novabit.nucleus.client.main.StartUp] Client-Logging initialisiert.
2009-08-14 12:46:12,171 INFO  [de.novabit.nucleus.client.main.StartUp] Java-Version 1.6.0_10-rc2
2009-08-14 12:59:28,390 INFO  [de.novabit.nucleus.client.main.StartUp] Client-Logging initialisiert.
2009-08-14 12:59:28,390 INFO  [de.novabit.nucleus.client.main.StartUp] Java-Version 1.6.0_10-rc2
2009-08-14 13:05:25,390 INFO  [de.novabit.nucleus.client.main.StartUp] Client-Logging initialisiert.
2009-08-14 13:05:25,390 INFO  [de.novabit.nucleus.client.main.StartUp] Java-Version 1.6.0_10-rc2
2009-08-14 13:07:23,265 INFO  [de.novabit.nucleus.client.main.StartUp] Client-Logging initialisiert.
2009-08-14 13:07:23,265 INFO  [de.novabit.nucleus.client.main.StartUp] Java-Version 1.6.0_10-rc2
2009-08-14 13:08:46,796 INFO  [de.novabit.nucleus.client.main.StartUp] Client-Logging initialisiert.
2009-08-14 13:08:46,796 INFO  [de.novabit.nucleus.client.main.StartUp] Java-Version 1.6.0_10-rc2
2009-08-14 13:10:52,484 INFO  [de.novabit.nucleus.client.main.StartUp] Client-Logging initialisiert.
2009-08-14 13:10:52,484 INFO  [de.novabit.nucleus.client.main.StartUp] Java-Version 1.6.0_10-rc2
2009-08-14 13:12:57,140 INFO  [de.novabit.nucleus.client.main.StartUp] Client-Logging initialisiert.
2009-08-14 13:12:57,140 INFO  [de.novabit.nucleus.client.main.StartUp] Java-Version 1.6.0_10-rc2
2009-08-14 13:15:42,734 INFO  [de.novabit.nucleus.client.main.StartUp] Client-Logging initialisiert.
2009-08-14 13:15:42,734 INFO  [de.novabit.nucleus.client.main.StartUp] Java-Version 1.6.0_10-rc2
2009-08-14 13:17:18,187 INFO  [de.novabit.nucleus.client.main.StartUp] Client-Logging initialisiert.
2009-08-14 13:17:18,187 INFO  [de.novabit.nucleus.client.main.StartUp] Java-Version 1.6.0_10-rc2
2009-08-14 13:18:14,921 INFO  [de.novabit.nucleus.client.main.StartUp] Client-Logging initialisiert.
2009-08-14 13:18:14,921 INFO  [de.novabit.nucleus.client.main.StartUp] Java-Version 1.6.0_10-rc2
2009-08-14 13:19:28,984 INFO  [de.novabit.nucleus.client.main.StartUp] Client-Logging initialisiert.
2009-08-14 13:19:28,984 INFO  [de.novabit.nucleus.client.main.StartUp] Java-Version 1.6.0_10-rc2
2009-08-14 13:19:59,781 INFO  [de.novabit.nucleus.client.main.StartUp] Client-Logging initialisiert.
2009-08-14 13:19:59,781 INFO  [de.novabit.nucleus.client.main.StartUp] Java-Version 1.6.0_10-rc2
2009-08-14 13:21:30,625 INFO  [de.novabit.nucleus.client.main.StartUp] Client-Logging initialisiert.
2009-08-14 13:21:30,625 INFO  [de.novabit.nucleus.client.main.StartUp] Java-Version 1.6.0_10-rc2
2009-08-14 13:22:44,515 INFO  [de.novabit.nucleus.client.main.StartUp] Client-Logging initialisiert.
2009-08-14 13:22:44,515 INFO  [de.novabit.nucleus.client.main.StartUp] Java-Version 1.6.0_10-rc2
2009-08-14 13:26:40,140 INFO  [de.novabit.nucleus.client.main.StartUp] Client-Logging initialisiert.
2009-08-14 13:26:40,140 INFO  [de.novabit.nucleus.client.main.StartUp] Java-Version 1.6.0_10-rc2
2009-08-14 13:28:12,437 INFO  [de.novabit.nucleus.client.main.StartUp] Client-Logging initialisiert.
2009-08-14 13:28:12,437 INFO  [de.novabit.nucleus.client.main.StartUp] Java-Version 1.6.0_10-rc2
2009-08-14 13:31:52,250 INFO  [de.novabit.nucleus.client.main.StartUp] Client-Logging initialisiert.
2009-08-14 13:31:52,250 INFO  [de.novabit.nucleus.client.main.StartUp] Java-Version 1.6.0_10-rc2
2009-08-14 13:35:38,984 INFO  [de.novabit.nucleus.client.main.StartUp] Client-Logging initialisiert.
2009-08-14 13:35:38,984 INFO  [de.novabit.nucleus.client.main.StartUp] Java-Version 1.6.0_10-rc2
2009-08-14 13:38:07,687 INFO  [de.novabit.nucleus.client.main.StartUp] Client-Logging initialisiert.
2009-08-14 13:38:07,687 INFO  [de.novabit.nucleus.client.main.StartUp] Java-Version 1.6.0_10-rc2
2009-08-14 13:41:14,765 INFO  [de.novabit.nucleus.client.main.StartUp] Client-Logging initialisiert.
2009-08-14 13:41:14,765 INFO  [de.novabit.nucleus.client.main.StartUp] Java-Version 1.6.0_10-rc2
2009-08-14 13:46:06,750 INFO  [de.novabit.nucleus.client.main.StartUp] Client-Logging initialisiert.
2009-08-14 13:46:06,750 INFO  [de.novabit.nucleus.client.main.StartUp] Java-Version 1.6.0_10-rc2
